#
# There is insufficient memory for the Java Runtime Environment to continue.
# Native memory allocation (malloc) failed to allocate 435056 bytes for Chunk::new
# Possible reasons:
#   The system is out of physical RAM or swap space
#   The process is running with CompressedOops enabled, and the Java Heap may be blocking the growth of the native heap
# Possible solutions:
#   Reduce memory load on the system
#   Increase physical memory or swap space
#   Check if swap backing store is full
#   Decrease Java heap size (-Xmx/-Xms)
#   Decrease number of Java threads
#   Decrease Java thread stack sizes (-Xss)
#   Set larger code cache with -XX:ReservedCodeCacheSize=
#   JVM is running with Unscaled Compressed Oops mode in which the Java heap is
#     placed in the first 4GB address space. The Java Heap base address is the
#     maximum limit for the native heap growth. Please use -XX:HeapBaseMinAddress
#     to set the Java Heap base and to place the Java Heap above 4GB virtual address.
# This output file may be truncated or incomplete.
#
#  Out of Memory Error (./src/hotspot/share/memory/arena.cpp:197), pid=11504, tid=4324
#
# JRE version: OpenJDK Runtime Environment AdoptOpenJDK-11.0.11+9 (11.0.11+9) (build 11.0.11+9)
# Java VM: OpenJDK 64-Bit Server VM AdoptOpenJDK-11.0.11+9 (11.0.11+9, mixed mode, tiered, compressed oops, g1 gc, windows-amd64)
# No core dump will be written. Minidumps are not enabled by default on client versions of Windows
#

---------------  S U M M A R Y ------------

Command Line: -Dcom.sun.management.jmxremote -Dcom.sun.management.jmxremote.port=61759 -Dcom.sun.management.jmxremote.authenticate=false -Dcom.sun.management.jmxremote.ssl=false -Djava.rmi.server.hostname=localhost -Dspring.application.admin.enabled=true -Dspring.jmx.enabled=true -Dfile.encoding=UTF-8 com.tech4me.produtosms.ProdutosMsApplication

Host: Intel(R) Core(TM) i5-3470 CPU @ 3.20GHz, 4 cores, 7G,  Windows 10 , 64 bit Build 19041 (10.0.19041.1202)
Time: Wed Oct 13 08:29:21 2021 Hora oficial do Brasil elapsed time: 58.554563 seconds (0d 0h 0m 58s)

---------------  T H R E A D  ---------------

Current thread (0x000001c8f8af6000):  JavaThread "C2 CompilerThread0" daemon [_thread_in_native, id=4324, stack(0x0000005f17d00000,0x0000005f17e00000)]


Current CompileTask:
C2:  58554 5607       4       java.lang.ClassLoader::loadClass (7 bytes)

Stack: [0x0000005f17d00000,0x0000005f17e00000]
Native frames: (J=compiled Java code, j=interpreted, Vv=VM code, C=native code)
V  [jvm.dll+0x5f7e5a]
V  [jvm.dll+0x77ff2e]
V  [jvm.dll+0x7815ff]
V  [jvm.dll+0x781cc3]
V  [jvm.dll+0x247408]
V  [jvm.dll+0xbe69c]
V  [jvm.dll+0xbed9c]
V  [jvm.dll+0x2b6664]
V  [jvm.dll+0x509569]
V  [jvm.dll+0x20283b]
V  [jvm.dll+0x1ffe4f]
V  [jvm.dll+0x184f1c]
V  [jvm.dll+0x20f3e7]
V  [jvm.dll+0x20d5cb]
V  [jvm.dll+0x7442f9]
V  [jvm.dll+0x73d364]
V  [jvm.dll+0x5f6cd6]
C  [ucrtbase.dll+0x21bb2]
C  [KERNEL32.DLL+0x17034]
C  [ntdll.dll+0x52651]


---------------  P R O C E S S  ---------------

Threads class SMR info:
_java_thread_list=0x000001c8fe43f3c0, length=30, elements={
0x000001c8f8ad4800, 0x000001c8f8add800, 0x000001c8f8aec000, 0x000001c8f8aee800,
0x000001c8f8af0800, 0x000001c8f8af6000, 0x000001c8f9469000, 0x000001c8f9476000,
0x000001c8f95f6000, 0x000001c8f9efa800, 0x000001c8f9f0a800, 0x000001c8fa241000,
0x000001c8fc4c6800, 0x000001c8f946a800, 0x000001c8f9465800, 0x000001c8f9466800,
0x000001c8f946c000, 0x000001c8f9467000, 0x000001c8ff757800, 0x000001c8ff752800,
0x000001c8ff753800, 0x000001c8ff754000, 0x000001c8ff756000, 0x000001c8ff755000,
0x000001c8ff756800, 0x000001c8ff751800, 0x000001c8ff758800, 0x000001c8f9468000,
0x000001c8fa24e000, 0x000001c8fa24e800
}

Java Threads: ( => current thread )
  0x000001c8f8ad4800 JavaThread "Reference Handler" daemon [_thread_blocked, id=2344, stack(0x0000005f17800000,0x0000005f17900000)]
  0x000001c8f8add800 JavaThread "Finalizer" daemon [_thread_blocked, id=8364, stack(0x0000005f17900000,0x0000005f17a00000)]
  0x000001c8f8aec000 JavaThread "Signal Dispatcher" daemon [_thread_blocked, id=11076, stack(0x0000005f17a00000,0x0000005f17b00000)]
  0x000001c8f8aee800 JavaThread "Attach Listener" daemon [_thread_blocked, id=12084, stack(0x0000005f17b00000,0x0000005f17c00000)]
  0x000001c8f8af0800 JavaThread "Service Thread" daemon [_thread_blocked, id=10800, stack(0x0000005f17c00000,0x0000005f17d00000)]
=>0x000001c8f8af6000 JavaThread "C2 CompilerThread0" daemon [_thread_in_native, id=4324, stack(0x0000005f17d00000,0x0000005f17e00000)]
  0x000001c8f9469000 JavaThread "C1 CompilerThread0" daemon [_thread_blocked, id=4516, stack(0x0000005f17e00000,0x0000005f17f00000)]
  0x000001c8f9476000 JavaThread "Sweeper thread" daemon [_thread_blocked, id=6736, stack(0x0000005f17f00000,0x0000005f18000000)]
  0x000001c8f95f6000 JavaThread "Common-Cleaner" daemon [_thread_blocked, id=10664, stack(0x0000005f18000000,0x0000005f18100000)]
  0x000001c8f9efa800 JavaThread "RMI TCP Accept-0" daemon [_thread_in_native, id=10552, stack(0x0000005f18400000,0x0000005f18500000)]
  0x000001c8f9f0a800 JavaThread "RMI TCP Accept-61759" daemon [_thread_in_native, id=9828, stack(0x0000005f18500000,0x0000005f18600000)]
  0x000001c8fa241000 JavaThread "RMI TCP Accept-0" daemon [_thread_in_native, id=3644, stack(0x0000005f18600000,0x0000005f18700000)]
  0x000001c8fc4c6800 JavaThread "Keep-Alive-Timer" daemon [_thread_blocked, id=11648, stack(0x0000005f18a00000,0x0000005f18b00000)]
  0x000001c8f946a800 JavaThread "Catalina-utility-1" [_thread_blocked, id=9964, stack(0x0000005f18b00000,0x0000005f18c00000)]
  0x000001c8f9465800 JavaThread "Catalina-utility-2" [_thread_blocked, id=12248, stack(0x0000005f18c00000,0x0000005f18d00000)]
  0x000001c8f9466800 JavaThread "container-0" [_thread_blocked, id=1912, stack(0x0000005f18d00000,0x0000005f18e00000)]
  0x000001c8f946c000 JavaThread "cluster-ClusterId{value='6166c2dc2b7dc40604033d24', description='null'}-localhost:27017" daemon [_thread_in_native, id=6572, stack(0x0000005f18e00000,0x0000005f18f00000)]
  0x000001c8f9467000 JavaThread "cluster-rtt-ClusterId{value='6166c2dc2b7dc40604033d24', description='null'}-localhost:27017" daemon [_thread_blocked, id=12192, stack(0x0000005f18f00000,0x0000005f19000000)]
  0x000001c8ff757800 JavaThread "spring.cloud.inetutils" daemon [_thread_blocked, id=6892, stack(0x0000005f19000000,0x0000005f19100000)]
  0x000001c8ff752800 JavaThread "http-nio-auto-1-Poller" daemon [_thread_in_native, id=9292, stack(0x0000005f19100000,0x0000005f19200000)]
  0x000001c8ff753800 JavaThread "http-nio-auto-1-Acceptor" daemon [_thread_in_native, id=6276, stack(0x0000005f19200000,0x0000005f19300000)]
  0x000001c8ff754000 JavaThread "AsyncResolver-bootstrap-0" daemon [_thread_blocked, id=6220, stack(0x0000005f19300000,0x0000005f19400000)]
  0x000001c8ff756000 JavaThread "DiscoveryClient-0" daemon [_thread_blocked, id=12024, stack(0x0000005f19400000,0x0000005f19500000)]
  0x000001c8ff755000 JavaThread "DiscoveryClient-1" daemon [_thread_blocked, id=6292, stack(0x0000005f19500000,0x0000005f19600000)]
  0x000001c8ff756800 JavaThread "DiscoveryClient-InstanceInfoReplicator-0" daemon [_thread_blocked, id=11896, stack(0x0000005f19600000,0x0000005f19700000)]
  0x000001c8ff751800 JavaThread "DestroyJavaVM" [_thread_blocked, id=11552, stack(0x0000005f17100000,0x0000005f17200000)]
  0x000001c8ff758800 JavaThread "DiscoveryClient-HeartbeatExecutor-0" daemon [_thread_blocked, id=12236, stack(0x0000005f19800000,0x0000005f19900000)]
  0x000001c8f9468000 JavaThread "DiscoveryClient-CacheRefreshExecutor-0" daemon [_thread_blocked, id=11412, stack(0x0000005f19900000,0x0000005f19a00000)]
  0x000001c8fa24e000 JavaThread "http-nio-auto-1-exec-1" daemon [_thread_in_vm, id=9404, stack(0x0000005f19a00000,0x0000005f19b00000)]
  0x000001c8fa24e800 JavaThread "C2 CompilerThread1" daemon [_thread_in_native, id=7988, stack(0x0000005f19b00000,0x0000005f19c00000)]

Other Threads:
  0x000001c8f8ab0800 VMThread "VM Thread" [stack: 0x0000005f17700000,0x0000005f17800000] [id=1688]
  0x000001c8fa01d000 WatcherThread [stack: 0x0000005f18700000,0x0000005f18800000] [id=4000]
  0x000001c8da3ac000 GCTaskThread "GC Thread#0" [stack: 0x0000005f17200000,0x0000005f17300000] [id=11604]
  0x000001c8f977f000 GCTaskThread "GC Thread#1" [stack: 0x0000005f18200000,0x0000005f18300000] [id=11784]
  0x000001c8f96f1800 GCTaskThread "GC Thread#2" [stack: 0x0000005f18300000,0x0000005f18400000] [id=7404]
  0x000001c8fb17a800 GCTaskThread "GC Thread#3" [stack: 0x0000005f18900000,0x0000005f18a00000] [id=11396]
  0x000001c8da3de800 ConcurrentGCThread "G1 Main Marker" [stack: 0x0000005f17300000,0x0000005f17400000] [id=11268]
  0x000001c8da3e1000 ConcurrentGCThread "G1 Conc#0" [stack: 0x0000005f17400000,0x0000005f17500000] [id=8224]
  0x000001c8f8914800 ConcurrentGCThread "G1 Refine#0" [stack: 0x0000005f17500000,0x0000005f17600000] [id=5548]
  0x000001c8f8915000 ConcurrentGCThread "G1 Young RemSet Sampling" [stack: 0x0000005f17600000,0x0000005f17700000] [id=11376]

Threads with active compile tasks:
C2 CompilerThread0  58585 5607       4       java.lang.ClassLoader::loadClass (7 bytes)
C2 CompilerThread1  58585 5608   !   4       sun.net.www.ParseUtil::decode (317 bytes)

VM state:not at safepoint (normal execution)

VM Mutex/Monitor currently owned by a thread: None

Heap address: 0x0000000081a00000, size: 2022 MB, Compressed Oops mode: 32-bit
Narrow klass base: 0x0000000000000000, Narrow klass shift: 3
Compressed class space size: 1073741824 Address: 0x0000000100000000

Heap:
 garbage-first heap   total 189440K, used 48843K [0x0000000081a00000, 0x0000000100000000)
  region size 1024K, 33 young (33792K), 12 survivors (12288K)
 Metaspace       used 61349K, capacity 63161K, committed 63488K, reserved 1103872K
  class space    used 7724K, capacity 8459K, committed 8524K, reserved 1048576K
Heap Regions: E=young(eden), S=young(survivor), O=old, HS=humongous(starts), HC=humongous(continues), CS=collection set, F=free, A=archive, TAMS=top-at-mark-start (previous, next)
|   0|0x0000000081a00000, 0x0000000081b00000, 0x0000000081b00000|100%| O|  |TAMS 0x0000000081b00000, 0x0000000081a00000| Untracked 
|   1|0x0000000081b00000, 0x0000000081c00000, 0x0000000081c00000|100%| O|  |TAMS 0x0000000081c00000, 0x0000000081b00000| Untracked 
|   2|0x0000000081c00000, 0x0000000081d00000, 0x0000000081d00000|100%| O|  |TAMS 0x0000000081d00000, 0x0000000081c00000| Untracked 
|   3|0x0000000081d00000, 0x0000000081e00000, 0x0000000081e00000|100%| O|  |TAMS 0x0000000081e00000, 0x0000000081d00000| Untracked 
|   4|0x0000000081e00000, 0x0000000081f00000, 0x0000000081f00000|100%| O|  |TAMS 0x0000000081f00000, 0x0000000081e00000| Untracked 
|   5|0x0000000081f00000, 0x0000000082000000, 0x0000000082000000|100%| O|  |TAMS 0x0000000082000000, 0x0000000081f00000| Untracked 
|   6|0x0000000082000000, 0x0000000082100000, 0x0000000082100000|100%| O|  |TAMS 0x0000000082100000, 0x0000000082000000| Untracked 
|   7|0x0000000082100000, 0x0000000082200000, 0x0000000082200000|100%| O|  |TAMS 0x0000000082200000, 0x0000000082100000| Untracked 
|   8|0x0000000082200000, 0x0000000082300000, 0x0000000082300000|100%| O|  |TAMS 0x0000000082300000, 0x0000000082200000| Untracked 
|   9|0x0000000082300000, 0x0000000082400000, 0x0000000082400000|100%| O|  |TAMS 0x0000000082400000, 0x0000000082300000| Untracked 
|  10|0x0000000082400000, 0x0000000082500000, 0x0000000082500000|100%| O|  |TAMS 0x0000000082500000, 0x0000000082400000| Untracked 
|  11|0x0000000082500000, 0x0000000082600000, 0x0000000082600000|100%| O|  |TAMS 0x0000000082600000, 0x0000000082500000| Untracked 
|  12|0x0000000082600000, 0x0000000082700000, 0x0000000082700000|100%| O|  |TAMS 0x0000000082700000, 0x0000000082600000| Untracked 
|  13|0x0000000082700000, 0x00000000827e3c00, 0x0000000082800000| 88%| O|  |TAMS 0x00000000827e3c00, 0x0000000082700000| Untracked 
|  14|0x0000000082800000, 0x0000000082800000, 0x0000000082900000|  0%| F|  |TAMS 0x0000000082800000, 0x0000000082800000| Untracked 
|  15|0x0000000082900000, 0x0000000082a00000, 0x0000000082a00000|100%| O|  |TAMS 0x0000000082a00000, 0x0000000082900000| Untracked 
|  16|0x0000000082a00000, 0x0000000082b00000, 0x0000000082b00000|100%| O|  |TAMS 0x0000000082b00000, 0x0000000082a00000| Untracked 
|  17|0x0000000082b00000, 0x0000000082b00000, 0x0000000082c00000|  0%| F|  |TAMS 0x0000000082b00000, 0x0000000082b00000| Untracked 
|  18|0x0000000082c00000, 0x0000000082c00000, 0x0000000082d00000|  0%| F|  |TAMS 0x0000000082c00000, 0x0000000082c00000| Untracked 
|  19|0x0000000082d00000, 0x0000000082d00000, 0x0000000082e00000|  0%| F|  |TAMS 0x0000000082d00000, 0x0000000082d00000| Untracked 
|  20|0x0000000082e00000, 0x0000000082e00000, 0x0000000082f00000|  0%| F|  |TAMS 0x0000000082e00000, 0x0000000082e00000| Untracked 
|  21|0x0000000082f00000, 0x0000000082f00000, 0x0000000083000000|  0%| F|  |TAMS 0x0000000082f00000, 0x0000000082f00000| Untracked 
|  22|0x0000000083000000, 0x0000000083000000, 0x0000000083100000|  0%| F|  |TAMS 0x0000000083000000, 0x0000000083000000| Untracked 
|  23|0x0000000083100000, 0x0000000083100000, 0x0000000083200000|  0%| F|  |TAMS 0x0000000083100000, 0x0000000083100000| Untracked 
|  24|0x0000000083200000, 0x0000000083200000, 0x0000000083300000|  0%| F|  |TAMS 0x0000000083200000, 0x0000000083200000| Untracked 
|  25|0x0000000083300000, 0x0000000083300000, 0x0000000083400000|  0%| F|  |TAMS 0x0000000083300000, 0x0000000083300000| Untracked 
|  26|0x0000000083400000, 0x0000000083400000, 0x0000000083500000|  0%| F|  |TAMS 0x0000000083400000, 0x0000000083400000| Untracked 
|  27|0x0000000083500000, 0x0000000083500000, 0x0000000083600000|  0%| F|  |TAMS 0x0000000083500000, 0x0000000083500000| Untracked 
|  28|0x0000000083600000, 0x0000000083600000, 0x0000000083700000|  0%| F|  |TAMS 0x0000000083600000, 0x0000000083600000| Untracked 
|  29|0x0000000083700000, 0x0000000083700000, 0x0000000083800000|  0%| F|  |TAMS 0x0000000083700000, 0x0000000083700000| Untracked 
|  30|0x0000000083800000, 0x0000000083800000, 0x0000000083900000|  0%| F|  |TAMS 0x0000000083800000, 0x0000000083800000| Untracked 
|  31|0x0000000083900000, 0x0000000083900000, 0x0000000083a00000|  0%| F|  |TAMS 0x0000000083900000, 0x0000000083900000| Untracked 
|  32|0x0000000083a00000, 0x0000000083a00000, 0x0000000083b00000|  0%| F|  |TAMS 0x0000000083a00000, 0x0000000083a00000| Untracked 
|  33|0x0000000083b00000, 0x0000000083b00000, 0x0000000083c00000|  0%| F|  |TAMS 0x0000000083b00000, 0x0000000083b00000| Untracked 
|  34|0x0000000083c00000, 0x0000000083c00000, 0x0000000083d00000|  0%| F|  |TAMS 0x0000000083c00000, 0x0000000083c00000| Untracked 
|  35|0x0000000083d00000, 0x0000000083d00000, 0x0000000083e00000|  0%| F|  |TAMS 0x0000000083d00000, 0x0000000083d00000| Untracked 
|  36|0x0000000083e00000, 0x0000000083e00000, 0x0000000083f00000|  0%| F|  |TAMS 0x0000000083e00000, 0x0000000083e00000| Untracked 
|  37|0x0000000083f00000, 0x0000000083f00000, 0x0000000084000000|  0%| F|  |TAMS 0x0000000083f00000, 0x0000000083f00000| Untracked 
|  38|0x0000000084000000, 0x0000000084000000, 0x0000000084100000|  0%| F|  |TAMS 0x0000000084000000, 0x0000000084000000| Untracked 
|  39|0x0000000084100000, 0x0000000084100000, 0x0000000084200000|  0%| F|  |TAMS 0x0000000084100000, 0x0000000084100000| Untracked 
|  40|0x0000000084200000, 0x0000000084200000, 0x0000000084300000|  0%| F|  |TAMS 0x0000000084200000, 0x0000000084200000| Untracked 
|  41|0x0000000084300000, 0x0000000084300000, 0x0000000084400000|  0%| F|  |TAMS 0x0000000084300000, 0x0000000084300000| Untracked 
|  42|0x0000000084400000, 0x0000000084400000, 0x0000000084500000|  0%| F|  |TAMS 0x0000000084400000, 0x0000000084400000| Untracked 
|  43|0x0000000084500000, 0x0000000084500000, 0x0000000084600000|  0%| F|  |TAMS 0x0000000084500000, 0x0000000084500000| Untracked 
|  44|0x0000000084600000, 0x0000000084600000, 0x0000000084700000|  0%| F|  |TAMS 0x0000000084600000, 0x0000000084600000| Untracked 
|  45|0x0000000084700000, 0x0000000084700000, 0x0000000084800000|  0%| F|  |TAMS 0x0000000084700000, 0x0000000084700000| Untracked 
|  46|0x0000000084800000, 0x0000000084800000, 0x0000000084900000|  0%| F|  |TAMS 0x0000000084800000, 0x0000000084800000| Untracked 
|  47|0x0000000084900000, 0x0000000084900000, 0x0000000084a00000|  0%| F|  |TAMS 0x0000000084900000, 0x0000000084900000| Untracked 
|  48|0x0000000084a00000, 0x0000000084a00000, 0x0000000084b00000|  0%| F|  |TAMS 0x0000000084a00000, 0x0000000084a00000| Untracked 
|  49|0x0000000084b00000, 0x0000000084b00000, 0x0000000084c00000|  0%| F|  |TAMS 0x0000000084b00000, 0x0000000084b00000| Untracked 
|  50|0x0000000084c00000, 0x0000000084c00000, 0x0000000084d00000|  0%| F|  |TAMS 0x0000000084c00000, 0x0000000084c00000| Untracked 
|  51|0x0000000084d00000, 0x0000000084d00000, 0x0000000084e00000|  0%| F|  |TAMS 0x0000000084d00000, 0x0000000084d00000| Untracked 
|  52|0x0000000084e00000, 0x0000000084e00000, 0x0000000084f00000|  0%| F|  |TAMS 0x0000000084e00000, 0x0000000084e00000| Untracked 
|  53|0x0000000084f00000, 0x0000000084f00000, 0x0000000085000000|  0%| F|  |TAMS 0x0000000084f00000, 0x0000000084f00000| Untracked 
|  54|0x0000000085000000, 0x0000000085000000, 0x0000000085100000|  0%| F|  |TAMS 0x0000000085000000, 0x0000000085000000| Untracked 
|  55|0x0000000085100000, 0x0000000085100000, 0x0000000085200000|  0%| F|  |TAMS 0x0000000085100000, 0x0000000085100000| Untracked 
|  56|0x0000000085200000, 0x0000000085200000, 0x0000000085300000|  0%| F|  |TAMS 0x0000000085200000, 0x0000000085200000| Untracked 
|  57|0x0000000085300000, 0x0000000085300000, 0x0000000085400000|  0%| F|  |TAMS 0x0000000085300000, 0x0000000085300000| Untracked 
|  58|0x0000000085400000, 0x0000000085400000, 0x0000000085500000|  0%| F|  |TAMS 0x0000000085400000, 0x0000000085400000| Untracked 
|  59|0x0000000085500000, 0x0000000085500000, 0x0000000085600000|  0%| F|  |TAMS 0x0000000085500000, 0x0000000085500000| Untracked 
|  60|0x0000000085600000, 0x0000000085600000, 0x0000000085700000|  0%| F|  |TAMS 0x0000000085600000, 0x0000000085600000| Untracked 
|  61|0x0000000085700000, 0x0000000085700000, 0x0000000085800000|  0%| F|  |TAMS 0x0000000085700000, 0x0000000085700000| Untracked 
|  62|0x0000000085800000, 0x0000000085800000, 0x0000000085900000|  0%| F|  |TAMS 0x0000000085800000, 0x0000000085800000| Untracked 
|  63|0x0000000085900000, 0x0000000085900000, 0x0000000085a00000|  0%| F|  |TAMS 0x0000000085900000, 0x0000000085900000| Untracked 
|  64|0x0000000085a00000, 0x0000000085a00000, 0x0000000085b00000|  0%| F|  |TAMS 0x0000000085a00000, 0x0000000085a00000| Untracked 
|  65|0x0000000085b00000, 0x0000000085bcf060, 0x0000000085c00000| 80%| S|CS|TAMS 0x0000000085b00000, 0x0000000085b00000| Complete 
|  66|0x0000000085c00000, 0x0000000085d00000, 0x0000000085d00000|100%| S|CS|TAMS 0x0000000085c00000, 0x0000000085c00000| Complete 
|  67|0x0000000085d00000, 0x0000000085e00000, 0x0000000085e00000|100%| S|CS|TAMS 0x0000000085d00000, 0x0000000085d00000| Complete 
|  68|0x0000000085e00000, 0x0000000085f00000, 0x0000000085f00000|100%| S|CS|TAMS 0x0000000085e00000, 0x0000000085e00000| Complete 
|  69|0x0000000085f00000, 0x0000000086000000, 0x0000000086000000|100%| S|CS|TAMS 0x0000000085f00000, 0x0000000085f00000| Complete 
|  70|0x0000000086000000, 0x0000000086100000, 0x0000000086100000|100%| S|CS|TAMS 0x0000000086000000, 0x0000000086000000| Complete 
|  71|0x0000000086100000, 0x0000000086200000, 0x0000000086200000|100%| S|CS|TAMS 0x0000000086100000, 0x0000000086100000| Complete 
|  72|0x0000000086200000, 0x0000000086300000, 0x0000000086300000|100%| S|CS|TAMS 0x0000000086200000, 0x0000000086200000| Complete 
|  73|0x0000000086300000, 0x0000000086400000, 0x0000000086400000|100%| S|CS|TAMS 0x0000000086300000, 0x0000000086300000| Complete 
|  74|0x0000000086400000, 0x0000000086500000, 0x0000000086500000|100%| S|CS|TAMS 0x0000000086400000, 0x0000000086400000| Complete 
|  75|0x0000000086500000, 0x0000000086600000, 0x0000000086600000|100%| S|CS|TAMS 0x0000000086500000, 0x0000000086500000| Complete 
|  76|0x0000000086600000, 0x0000000086700000, 0x0000000086700000|100%| S|CS|TAMS 0x0000000086600000, 0x0000000086600000| Complete 
|  77|0x0000000086700000, 0x0000000086700000, 0x0000000086800000|  0%| F|  |TAMS 0x0000000086700000, 0x0000000086700000| Untracked 
|  78|0x0000000086800000, 0x0000000086800000, 0x0000000086900000|  0%| F|  |TAMS 0x0000000086800000, 0x0000000086800000| Untracked 
|  79|0x0000000086900000, 0x0000000086900000, 0x0000000086a00000|  0%| F|  |TAMS 0x0000000086900000, 0x0000000086900000| Untracked 
|  80|0x0000000086a00000, 0x0000000086a00000, 0x0000000086b00000|  0%| F|  |TAMS 0x0000000086a00000, 0x0000000086a00000| Untracked 
|  81|0x0000000086b00000, 0x0000000086b00000, 0x0000000086c00000|  0%| F|  |TAMS 0x0000000086b00000, 0x0000000086b00000| Untracked 
|  82|0x0000000086c00000, 0x0000000086c00000, 0x0000000086d00000|  0%| F|  |TAMS 0x0000000086c00000, 0x0000000086c00000| Untracked 
|  83|0x0000000086d00000, 0x0000000086d00000, 0x0000000086e00000|  0%| F|  |TAMS 0x0000000086d00000, 0x0000000086d00000| Untracked 
|  84|0x0000000086e00000, 0x0000000086e00000, 0x0000000086f00000|  0%| F|  |TAMS 0x0000000086e00000, 0x0000000086e00000| Untracked 
|  85|0x0000000086f00000, 0x0000000086f00000, 0x0000000087000000|  0%| F|  |TAMS 0x0000000086f00000, 0x0000000086f00000| Untracked 
|  86|0x0000000087000000, 0x0000000087000000, 0x0000000087100000|  0%| F|  |TAMS 0x0000000087000000, 0x0000000087000000| Untracked 
|  87|0x0000000087100000, 0x0000000087100000, 0x0000000087200000|  0%| F|  |TAMS 0x0000000087100000, 0x0000000087100000| Untracked 
|  88|0x0000000087200000, 0x0000000087200000, 0x0000000087300000|  0%| F|  |TAMS 0x0000000087200000, 0x0000000087200000| Untracked 
|  89|0x0000000087300000, 0x0000000087300000, 0x0000000087400000|  0%| F|  |TAMS 0x0000000087300000, 0x0000000087300000| Untracked 
|  90|0x0000000087400000, 0x0000000087400000, 0x0000000087500000|  0%| F|  |TAMS 0x0000000087400000, 0x0000000087400000| Untracked 
|  91|0x0000000087500000, 0x0000000087500000, 0x0000000087600000|  0%| F|  |TAMS 0x0000000087500000, 0x0000000087500000| Untracked 
|  92|0x0000000087600000, 0x0000000087600000, 0x0000000087700000|  0%| F|  |TAMS 0x0000000087600000, 0x0000000087600000| Untracked 
|  93|0x0000000087700000, 0x0000000087700000, 0x0000000087800000|  0%| F|  |TAMS 0x0000000087700000, 0x0000000087700000| Untracked 
|  94|0x0000000087800000, 0x0000000087800000, 0x0000000087900000|  0%| F|  |TAMS 0x0000000087800000, 0x0000000087800000| Untracked 
|  95|0x0000000087900000, 0x0000000087900000, 0x0000000087a00000|  0%| F|  |TAMS 0x0000000087900000, 0x0000000087900000| Untracked 
|  96|0x0000000087a00000, 0x0000000087a00000, 0x0000000087b00000|  0%| F|  |TAMS 0x0000000087a00000, 0x0000000087a00000| Untracked 
|  97|0x0000000087b00000, 0x0000000087b00000, 0x0000000087c00000|  0%| F|  |TAMS 0x0000000087b00000, 0x0000000087b00000| Untracked 
|  98|0x0000000087c00000, 0x0000000087c00000, 0x0000000087d00000|  0%| F|  |TAMS 0x0000000087c00000, 0x0000000087c00000| Untracked 
|  99|0x0000000087d00000, 0x0000000087d00000, 0x0000000087e00000|  0%| F|  |TAMS 0x0000000087d00000, 0x0000000087d00000| Untracked 
| 100|0x0000000087e00000, 0x0000000087e00000, 0x0000000087f00000|  0%| F|  |TAMS 0x0000000087e00000, 0x0000000087e00000| Untracked 
| 101|0x0000000087f00000, 0x0000000087f00000, 0x0000000088000000|  0%| F|  |TAMS 0x0000000087f00000, 0x0000000087f00000| Untracked 
| 102|0x0000000088000000, 0x0000000088000000, 0x0000000088100000|  0%| F|  |TAMS 0x0000000088000000, 0x0000000088000000| Untracked 
| 103|0x0000000088100000, 0x0000000088100000, 0x0000000088200000|  0%| F|  |TAMS 0x0000000088100000, 0x0000000088100000| Untracked 
| 104|0x0000000088200000, 0x0000000088200000, 0x0000000088300000|  0%| F|  |TAMS 0x0000000088200000, 0x0000000088200000| Untracked 
| 105|0x0000000088300000, 0x0000000088300000, 0x0000000088400000|  0%| F|  |TAMS 0x0000000088300000, 0x0000000088300000| Untracked 
| 106|0x0000000088400000, 0x0000000088400000, 0x0000000088500000|  0%| F|  |TAMS 0x0000000088400000, 0x0000000088400000| Untracked 
| 107|0x0000000088500000, 0x0000000088500000, 0x0000000088600000|  0%| F|  |TAMS 0x0000000088500000, 0x0000000088500000| Untracked 
| 108|0x0000000088600000, 0x0000000088600000, 0x0000000088700000|  0%| F|  |TAMS 0x0000000088600000, 0x0000000088600000| Untracked 
| 109|0x0000000088700000, 0x0000000088700000, 0x0000000088800000|  0%| F|  |TAMS 0x0000000088700000, 0x0000000088700000| Untracked 
| 110|0x0000000088800000, 0x0000000088800000, 0x0000000088900000|  0%| F|  |TAMS 0x0000000088800000, 0x0000000088800000| Untracked 
| 111|0x0000000088900000, 0x0000000088900000, 0x0000000088a00000|  0%| F|  |TAMS 0x0000000088900000, 0x0000000088900000| Untracked 
| 112|0x0000000088a00000, 0x0000000088a00000, 0x0000000088b00000|  0%| F|  |TAMS 0x0000000088a00000, 0x0000000088a00000| Untracked 
| 113|0x0000000088b00000, 0x0000000088b00000, 0x0000000088c00000|  0%| F|  |TAMS 0x0000000088b00000, 0x0000000088b00000| Untracked 
| 114|0x0000000088c00000, 0x0000000088c00000, 0x0000000088d00000|  0%| F|  |TAMS 0x0000000088c00000, 0x0000000088c00000| Untracked 
| 115|0x0000000088d00000, 0x0000000088d00000, 0x0000000088e00000|  0%| F|  |TAMS 0x0000000088d00000, 0x0000000088d00000| Untracked 
| 116|0x0000000088e00000, 0x0000000088e00000, 0x0000000088f00000|  0%| F|  |TAMS 0x0000000088e00000, 0x0000000088e00000| Untracked 
| 117|0x0000000088f00000, 0x0000000088f00000, 0x0000000089000000|  0%| F|  |TAMS 0x0000000088f00000, 0x0000000088f00000| Untracked 
| 118|0x0000000089000000, 0x0000000089000000, 0x0000000089100000|  0%| F|  |TAMS 0x0000000089000000, 0x0000000089000000| Untracked 
| 119|0x0000000089100000, 0x0000000089100000, 0x0000000089200000|  0%| F|  |TAMS 0x0000000089100000, 0x0000000089100000| Untracked 
| 120|0x0000000089200000, 0x0000000089200000, 0x0000000089300000|  0%| F|  |TAMS 0x0000000089200000, 0x0000000089200000| Untracked 
| 121|0x0000000089300000, 0x0000000089300000, 0x0000000089400000|  0%| F|  |TAMS 0x0000000089300000, 0x0000000089300000| Untracked 
| 122|0x0000000089400000, 0x0000000089400000, 0x0000000089500000|  0%| F|  |TAMS 0x0000000089400000, 0x0000000089400000| Untracked 
| 123|0x0000000089500000, 0x0000000089500000, 0x0000000089600000|  0%| F|  |TAMS 0x0000000089500000, 0x0000000089500000| Untracked 
| 124|0x0000000089600000, 0x0000000089600000, 0x0000000089700000|  0%| F|  |TAMS 0x0000000089600000, 0x0000000089600000| Untracked 
| 125|0x0000000089700000, 0x0000000089700000, 0x0000000089800000|  0%| F|  |TAMS 0x0000000089700000, 0x0000000089700000| Untracked 
| 126|0x0000000089800000, 0x0000000089800000, 0x0000000089900000|  0%| F|  |TAMS 0x0000000089800000, 0x0000000089800000| Untracked 
| 127|0x0000000089900000, 0x0000000089900000, 0x0000000089a00000|  0%| F|  |TAMS 0x0000000089900000, 0x0000000089900000| Untracked 
| 128|0x0000000089a00000, 0x0000000089a00000, 0x0000000089b00000|  0%| F|  |TAMS 0x0000000089a00000, 0x0000000089a00000| Untracked 
| 129|0x0000000089b00000, 0x0000000089b00000, 0x0000000089c00000|  0%| F|  |TAMS 0x0000000089b00000, 0x0000000089b00000| Untracked 
| 130|0x0000000089c00000, 0x0000000089c00000, 0x0000000089d00000|  0%| F|  |TAMS 0x0000000089c00000, 0x0000000089c00000| Untracked 
| 131|0x0000000089d00000, 0x0000000089d00000, 0x0000000089e00000|  0%| F|  |TAMS 0x0000000089d00000, 0x0000000089d00000| Untracked 
| 132|0x0000000089e00000, 0x0000000089e00000, 0x0000000089f00000|  0%| F|  |TAMS 0x0000000089e00000, 0x0000000089e00000| Untracked 
| 133|0x0000000089f00000, 0x0000000089f00000, 0x000000008a000000|  0%| F|  |TAMS 0x0000000089f00000, 0x0000000089f00000| Untracked 
| 134|0x000000008a000000, 0x000000008a000000, 0x000000008a100000|  0%| F|  |TAMS 0x000000008a000000, 0x000000008a000000| Untracked 
| 135|0x000000008a100000, 0x000000008a100000, 0x000000008a200000|  0%| F|  |TAMS 0x000000008a100000, 0x000000008a100000| Untracked 
| 136|0x000000008a200000, 0x000000008a200000, 0x000000008a300000|  0%| F|  |TAMS 0x000000008a200000, 0x000000008a200000| Untracked 
| 137|0x000000008a300000, 0x000000008a300000, 0x000000008a400000|  0%| F|  |TAMS 0x000000008a300000, 0x000000008a300000| Untracked 
| 138|0x000000008a400000, 0x000000008a400000, 0x000000008a500000|  0%| F|  |TAMS 0x000000008a400000, 0x000000008a400000| Untracked 
| 139|0x000000008a500000, 0x000000008a500000, 0x000000008a600000|  0%| F|  |TAMS 0x000000008a500000, 0x000000008a500000| Untracked 
| 140|0x000000008a600000, 0x000000008a600000, 0x000000008a700000|  0%| F|  |TAMS 0x000000008a600000, 0x000000008a600000| Untracked 
| 141|0x000000008a700000, 0x000000008a700000, 0x000000008a800000|  0%| F|  |TAMS 0x000000008a700000, 0x000000008a700000| Untracked 
| 142|0x000000008a800000, 0x000000008a800000, 0x000000008a900000|  0%| F|  |TAMS 0x000000008a800000, 0x000000008a800000| Untracked 
| 143|0x000000008a900000, 0x000000008a900000, 0x000000008aa00000|  0%| F|  |TAMS 0x000000008a900000, 0x000000008a900000| Untracked 
| 144|0x000000008aa00000, 0x000000008aa00000, 0x000000008ab00000|  0%| F|  |TAMS 0x000000008aa00000, 0x000000008aa00000| Untracked 
| 145|0x000000008ab00000, 0x000000008ab00000, 0x000000008ac00000|  0%| F|  |TAMS 0x000000008ab00000, 0x000000008ab00000| Untracked 
| 146|0x000000008ac00000, 0x000000008ac00000, 0x000000008ad00000|  0%| F|  |TAMS 0x000000008ac00000, 0x000000008ac00000| Untracked 
| 147|0x000000008ad00000, 0x000000008ad00000, 0x000000008ae00000|  0%| F|  |TAMS 0x000000008ad00000, 0x000000008ad00000| Untracked 
| 148|0x000000008ae00000, 0x000000008ae00000, 0x000000008af00000|  0%| F|  |TAMS 0x000000008ae00000, 0x000000008ae00000| Untracked 
| 149|0x000000008af00000, 0x000000008af00000, 0x000000008b000000|  0%| F|  |TAMS 0x000000008af00000, 0x000000008af00000| Untracked 
| 150|0x000000008b000000, 0x000000008b000000, 0x000000008b100000|  0%| F|  |TAMS 0x000000008b000000, 0x000000008b000000| Untracked 
| 151|0x000000008b100000, 0x000000008b100000, 0x000000008b200000|  0%| F|  |TAMS 0x000000008b100000, 0x000000008b100000| Untracked 
| 152|0x000000008b200000, 0x000000008b200000, 0x000000008b300000|  0%| F|  |TAMS 0x000000008b200000, 0x000000008b200000| Untracked 
| 153|0x000000008b300000, 0x000000008b300000, 0x000000008b400000|  0%| F|  |TAMS 0x000000008b300000, 0x000000008b300000| Untracked 
| 154|0x000000008b400000, 0x000000008b400000, 0x000000008b500000|  0%| F|  |TAMS 0x000000008b400000, 0x000000008b400000| Untracked 
| 155|0x000000008b500000, 0x000000008b500000, 0x000000008b600000|  0%| F|  |TAMS 0x000000008b500000, 0x000000008b500000| Untracked 
| 156|0x000000008b600000, 0x000000008b600000, 0x000000008b700000|  0%| F|  |TAMS 0x000000008b600000, 0x000000008b600000| Untracked 
| 157|0x000000008b700000, 0x000000008b700000, 0x000000008b800000|  0%| F|  |TAMS 0x000000008b700000, 0x000000008b700000| Untracked 
| 158|0x000000008b800000, 0x000000008b800000, 0x000000008b900000|  0%| F|  |TAMS 0x000000008b800000, 0x000000008b800000| Untracked 
| 159|0x000000008b900000, 0x000000008b900000, 0x000000008ba00000|  0%| F|  |TAMS 0x000000008b900000, 0x000000008b900000| Untracked 
| 160|0x000000008ba00000, 0x000000008ba00000, 0x000000008bb00000|  0%| F|  |TAMS 0x000000008ba00000, 0x000000008ba00000| Untracked 
| 161|0x000000008bb00000, 0x000000008bb00000, 0x000000008bc00000|  0%| F|  |TAMS 0x000000008bb00000, 0x000000008bb00000| Untracked 
| 162|0x000000008bc00000, 0x000000008bc00000, 0x000000008bd00000|  0%| F|  |TAMS 0x000000008bc00000, 0x000000008bc00000| Untracked 
| 163|0x000000008bd00000, 0x000000008bd00000, 0x000000008be00000|  0%| F|  |TAMS 0x000000008bd00000, 0x000000008bd00000| Untracked 
| 164|0x000000008be00000, 0x000000008bea9808, 0x000000008bf00000| 66%| E|  |TAMS 0x000000008be00000, 0x000000008be00000| Complete 
| 165|0x000000008bf00000, 0x000000008c000000, 0x000000008c000000|100%| E|CS|TAMS 0x000000008bf00000, 0x000000008bf00000| Complete 
| 166|0x000000008c000000, 0x000000008c100000, 0x000000008c100000|100%| E|CS|TAMS 0x000000008c000000, 0x000000008c000000| Complete 
| 167|0x000000008c100000, 0x000000008c200000, 0x000000008c200000|100%| E|CS|TAMS 0x000000008c100000, 0x000000008c100000| Complete 
| 168|0x000000008c200000, 0x000000008c300000, 0x000000008c300000|100%| E|CS|TAMS 0x000000008c200000, 0x000000008c200000| Complete 
| 169|0x000000008c300000, 0x000000008c400000, 0x000000008c400000|100%| E|CS|TAMS 0x000000008c300000, 0x000000008c300000| Complete 
| 170|0x000000008c400000, 0x000000008c500000, 0x000000008c500000|100%| E|CS|TAMS 0x000000008c400000, 0x000000008c400000| Complete 
| 171|0x000000008c500000, 0x000000008c600000, 0x000000008c600000|100%| E|CS|TAMS 0x000000008c500000, 0x000000008c500000| Complete 
| 172|0x000000008c600000, 0x000000008c700000, 0x000000008c700000|100%| E|CS|TAMS 0x000000008c600000, 0x000000008c600000| Complete 
| 173|0x000000008c700000, 0x000000008c800000, 0x000000008c800000|100%| E|CS|TAMS 0x000000008c700000, 0x000000008c700000| Complete 
| 174|0x000000008c800000, 0x000000008c900000, 0x000000008c900000|100%| E|CS|TAMS 0x000000008c800000, 0x000000008c800000| Complete 
| 175|0x000000008c900000, 0x000000008ca00000, 0x000000008ca00000|100%| E|CS|TAMS 0x000000008c900000, 0x000000008c900000| Complete 
| 176|0x000000008ca00000, 0x000000008cb00000, 0x000000008cb00000|100%| E|CS|TAMS 0x000000008ca00000, 0x000000008ca00000| Complete 
| 177|0x000000008cb00000, 0x000000008cc00000, 0x000000008cc00000|100%| E|CS|TAMS 0x000000008cb00000, 0x000000008cb00000| Complete 
| 178|0x000000008cc00000, 0x000000008cd00000, 0x000000008cd00000|100%| E|CS|TAMS 0x000000008cc00000, 0x000000008cc00000| Complete 
| 179|0x000000008cd00000, 0x000000008ce00000, 0x000000008ce00000|100%| E|CS|TAMS 0x000000008cd00000, 0x000000008cd00000| Complete 
| 180|0x000000008ce00000, 0x000000008cf00000, 0x000000008cf00000|100%| E|CS|TAMS 0x000000008ce00000, 0x000000008ce00000| Complete 
| 181|0x000000008cf00000, 0x000000008d000000, 0x000000008d000000|100%| E|CS|TAMS 0x000000008cf00000, 0x000000008cf00000| Complete 
| 182|0x000000008d000000, 0x000000008d100000, 0x000000008d100000|100%| E|CS|TAMS 0x000000008d000000, 0x000000008d000000| Complete 
| 183|0x000000008d100000, 0x000000008d200000, 0x000000008d200000|100%| E|CS|TAMS 0x000000008d100000, 0x000000008d100000| Complete 
| 184|0x000000008d200000, 0x000000008d300000, 0x000000008d300000|100%| E|CS|TAMS 0x000000008d200000, 0x000000008d200000| Complete 

Card table byte_map: [0x000001c8f1e90000,0x000001c8f2290000] _byte_map_base: 0x000001c8f1a83000

Marking Bits (Prev, Next): (CMBitMap*) 0x000001c8da3d5e50, (CMBitMap*) 0x000001c8da3d5e18
 Prev Bits: [0x000001c8f4630000, 0x000001c8f65c8000)
 Next Bits: [0x000001c8f2690000, 0x000001c8f4628000)

Polling page: 0x000001c8d82f0000

Metaspace:

Usage:
  Non-class:     53.42 MB capacity,    52.37 MB ( 98%) used,   856.91 KB (  2%) free+waste,   220.50 KB ( <1%) overhead. 
      Class:      8.26 MB capacity,     7.54 MB ( 91%) used,   629.70 KB (  7%) free+waste,   104.88 KB (  1%) overhead. 
       Both:     61.68 MB capacity,    59.91 MB ( 97%) used,     1.45 MB (  2%) free+waste,   325.38 KB ( <1%) overhead. 

Virtual space:
  Non-class space:       54.00 MB reserved,      53.68 MB (>99%) committed 
      Class space:        1.00 GB reserved,       8.32 MB ( <1%) committed 
             Both:        1.05 GB reserved,      62.00 MB (  6%) committed 

Chunk freelists:
   Non-Class:  70.00 KB
       Class:  21.00 KB
        Both:  91.00 KB

MaxMetaspaceSize: 17179869184.00 GB
CompressedClassSpaceSize: 1.00 GB

CodeHeap 'non-profiled nmethods': size=120064Kb used=3177Kb max_used=3177Kb free=116887Kb
 bounds [0x000001c8ea550000, 0x000001c8ea870000, 0x000001c8f1a90000]
CodeHeap 'profiled nmethods': size=120000Kb used=12600Kb max_used=12600Kb free=107399Kb
 bounds [0x000001c8e3020000, 0x000001c8e3c70000, 0x000001c8ea550000]
CodeHeap 'non-nmethods': size=5696Kb used=1206Kb max_used=1248Kb free=4489Kb
 bounds [0x000001c8e2a90000, 0x000001c8e2d00000, 0x000001c8e3020000]
 total_blobs=6160 nmethods=5588 adapters=483
 compilation: enabled
              stopped_count=0, restarted_count=0
 full_count=0

Compilation events (20 events):
Event: 57.289 Thread 0x000001c8f9469000 5601       3       java.util.concurrent.ScheduledThreadPoolExecutor$ScheduledFutureTask::compareTo (9 bytes)
Event: 57.289 Thread 0x000001c8f9469000 nmethod 5601 0x000001c8e3c6a110 code [0x000001c8e3c6a2e0, 0x000001c8e3c6a528]
Event: 57.289 Thread 0x000001c8f9469000 5602       3       java.util.concurrent.ScheduledThreadPoolExecutor$ScheduledFutureTask::compareTo (101 bytes)
Event: 57.290 Thread 0x000001c8f9469000 nmethod 5602 0x000001c8e3c6a610 code [0x000001c8e3c6a820, 0x000001c8e3c6aff8]
Event: 58.501 Thread 0x000001c8f9469000 5603       3       jdk.internal.misc.Unsafe::weakCompareAndSetLong (11 bytes)
Event: 58.501 Thread 0x000001c8f9469000 nmethod 5603 0x000001c8e3c6b190 code [0x000001c8e3c6b340, 0x000001c8e3c6b458]
Event: 58.510 Thread 0x000001c8f8af6000 5605       4       java.util.zip.InflaterInputStream::ensureOpen (18 bytes)
Event: 58.511 Thread 0x000001c8f8af6000 nmethod 5605 0x000001c8ea869e90 code [0x000001c8ea86a020, 0x000001c8ea86a098]
Event: 58.514 Thread 0x000001c8f8af6000 5606       4       java.lang.String::valueOf (14 bytes)
Event: 58.515 Thread 0x000001c8f8af6000 nmethod 5606 0x000001c8ea86a110 code [0x000001c8ea86a2a0, 0x000001c8ea86a318]
Event: 58.515 Thread 0x000001c8f8af6000 5607       4       java.lang.ClassLoader::loadClass (7 bytes)
Event: 58.527 Thread 0x000001c8f9469000 5612   !   2       java.util.zip.InflaterInputStream::read (138 bytes)
Event: 58.528 Thread 0x000001c8f9469000 nmethod 5612 0x000001c8e3c6b510 code [0x000001c8e3c6b780, 0x000001c8e3c6c158]
Event: 58.528 Thread 0x000001c8f9469000 5613       3       java.util.Properties::load0 (249 bytes)
Event: 58.528 Thread 0x000001c8fa24e800 5608   !   4       sun.net.www.ParseUtil::decode (317 bytes)
Event: 58.529 Thread 0x000001c8f9469000 nmethod 5613 0x000001c8e3c6c690 code [0x000001c8e3c6c8e0, 0x000001c8e3c6d2e8]
Event: 58.529 Thread 0x000001c8f9469000 5614       3       java.util.ResourceBundle$KeyElementReference::<init> (12 bytes)
Event: 58.529 Thread 0x000001c8f9469000 nmethod 5614 0x000001c8e3c6d610 code [0x000001c8e3c6d7e0, 0x000001c8e3c6db78]
Event: 58.533 Thread 0x000001c8f9469000 5615       3       java.nio.HeapByteBuffer::put (17 bytes)
Event: 58.534 Thread 0x000001c8f9469000 nmethod 5615 0x000001c8e3c6dc90 code [0x000001c8e3c6de60, 0x000001c8e3c6e098]

GC Heap History (18 events):
Event: 0.397 GC heap before
{Heap before GC invocations=0 (full 0):
 garbage-first heap   total 131072K, used 14336K [0x0000000081a00000, 0x0000000100000000)
  region size 1024K, 14 young (14336K), 0 survivors (0K)
 Metaspace       used 8511K, capacity 8628K, committed 8832K, reserved 1056768K
  class space    used 781K, capacity 833K, committed 896K, reserved 1048576K
}
Event: 0.401 GC heap after
{Heap after GC invocations=1 (full 0):
 garbage-first heap   total 131072K, used 6679K [0x0000000081a00000, 0x0000000100000000)
  region size 1024K, 2 young (2048K), 2 survivors (2048K)
 Metaspace       used 8511K, capacity 8628K, committed 8832K, reserved 1056768K
  class space    used 781K, capacity 833K, committed 896K, reserved 1048576K
}
Event: 0.767 GC heap before
{Heap before GC invocations=1 (full 0):
 garbage-first heap   total 131072K, used 15895K [0x0000000081a00000, 0x0000000100000000)
  region size 1024K, 11 young (11264K), 2 survivors (2048K)
 Metaspace       used 13982K, capacity 14326K, committed 14592K, reserved 1062912K
  class space    used 1392K, capacity 1502K, committed 1536K, reserved 1048576K
}
Event: 0.771 GC heap after
{Heap after GC invocations=2 (full 0):
 garbage-first heap   total 131072K, used 8243K [0x0000000081a00000, 0x0000000100000000)
  region size 1024K, 2 young (2048K), 2 survivors (2048K)
 Metaspace       used 13982K, capacity 14326K, committed 14592K, reserved 1062912K
  class space    used 1392K, capacity 1502K, committed 1536K, reserved 1048576K
}
Event: 1.285 GC heap before
{Heap before GC invocations=2 (full 0):
 garbage-first heap   total 131072K, used 32819K [0x0000000081a00000, 0x0000000100000000)
  region size 1024K, 27 young (27648K), 2 survivors (2048K)
 Metaspace       used 19219K, capacity 19768K, committed 19968K, reserved 1067008K
  class space    used 2029K, capacity 2244K, committed 2304K, reserved 1048576K
}
Event: 1.289 GC heap after
{Heap after GC invocations=3 (full 0):
 garbage-first heap   total 131072K, used 9842K [0x0000000081a00000, 0x0000000100000000)
  region size 1024K, 4 young (4096K), 4 survivors (4096K)
 Metaspace       used 19219K, capacity 19768K, committed 19968K, reserved 1067008K
  class space    used 2029K, capacity 2244K, committed 2304K, reserved 1048576K
}
Event: 1.449 GC heap before
{Heap before GC invocations=3 (full 0):
 garbage-first heap   total 131072K, used 18034K [0x0000000081a00000, 0x0000000100000000)
  region size 1024K, 13 young (13312K), 4 survivors (4096K)
 Metaspace       used 20581K, capacity 21163K, committed 21248K, reserved 1069056K
  class space    used 2251K, capacity 2499K, committed 2560K, reserved 1048576K
}
Event: 1.454 GC heap after
{Heap after GC invocations=4 (full 0):
 garbage-first heap   total 131072K, used 10184K [0x0000000081a00000, 0x0000000100000000)
  region size 1024K, 2 young (2048K), 2 survivors (2048K)
 Metaspace       used 20581K, capacity 21163K, committed 21248K, reserved 1069056K
  class space    used 2251K, capacity 2499K, committed 2560K, reserved 1048576K
}
Event: 1.905 GC heap before
{Heap before GC invocations=5 (full 0):
 garbage-first heap   total 131072K, used 61384K [0x0000000081a00000, 0x0000000100000000)
  region size 1024K, 53 young (54272K), 2 survivors (2048K)
 Metaspace       used 28220K, capacity 29042K, committed 29312K, reserved 1075200K
  class space    used 3314K, capacity 3631K, committed 3712K, reserved 1048576K
}
Event: 1.913 GC heap after
{Heap after GC invocations=6 (full 0):
 garbage-first heap   total 157696K, used 12232K [0x0000000081a00000, 0x0000000100000000)
  region size 1024K, 4 young (4096K), 4 survivors (4096K)
 Metaspace       used 28220K, capacity 29042K, committed 29312K, reserved 1075200K
  class space    used 3314K, capacity 3631K, committed 3712K, reserved 1048576K
}
Event: 2.895 GC heap before
{Heap before GC invocations=6 (full 0):
 garbage-first heap   total 157696K, used 57288K [0x0000000081a00000, 0x0000000100000000)
  region size 1024K, 50 young (51200K), 4 survivors (4096K)
 Metaspace       used 34904K, capacity 35804K, committed 35840K, reserved 1081344K
  class space    used 4110K, capacity 4457K, committed 4480K, reserved 1048576K
}
Event: 2.903 GC heap after
{Heap after GC invocations=7 (full 0):
 garbage-first heap   total 157696K, used 14451K [0x0000000081a00000, 0x0000000100000000)
  region size 1024K, 7 young (7168K), 7 survivors (7168K)
 Metaspace       used 34904K, capacity 35804K, committed 35840K, reserved 1081344K
  class space    used 4110K, capacity 4457K, committed 4480K, reserved 1048576K
}
Event: 4.057 GC heap before
{Heap before GC invocations=8 (full 0):
 garbage-first heap   total 157696K, used 83059K [0x0000000081a00000, 0x0000000100000000)
  region size 1024K, 74 young (75776K), 7 survivors (7168K)
 Metaspace       used 40794K, capacity 41893K, committed 42060K, reserved 1085440K
  class space    used 4982K, capacity 5429K, committed 5452K, reserved 1048576K
}
Event: 4.067 GC heap after
{Heap after GC invocations=9 (full 0):
 garbage-first heap   total 157696K, used 16940K [0x0000000081a00000, 0x0000000100000000)
  region size 1024K, 8 young (8192K), 8 survivors (8192K)
 Metaspace       used 40794K, capacity 41893K, committed 42060K, reserved 1085440K
  class space    used 4982K, capacity 5429K, committed 5452K, reserved 1048576K
}
Event: 5.120 GC heap before
{Heap before GC invocations=9 (full 0):
 garbage-first heap   total 157696K, used 107052K [0x0000000081a00000, 0x0000000100000000)
  region size 1024K, 92 young (94208K), 8 survivors (8192K)
 Metaspace       used 49463K, capacity 50892K, committed 51148K, reserved 1093632K
  class space    used 6178K, capacity 6735K, committed 6860K, reserved 1048576K
}
Event: 5.131 GC heap after
{Heap after GC invocations=10 (full 0):
 garbage-first heap   total 157696K, used 21184K [0x0000000081a00000, 0x0000000100000000)
  region size 1024K, 10 young (10240K), 10 survivors (10240K)
 Metaspace       used 49463K, capacity 50892K, committed 51148K, reserved 1093632K
  class space    used 6178K, capacity 6735K, committed 6860K, reserved 1048576K
}
Event: 6.548 GC heap before
{Heap before GC invocations=10 (full 0):
 garbage-first heap   total 157696K, used 99008K [0x0000000081a00000, 0x0000000100000000)
  region size 1024K, 87 young (89088K), 10 survivors (10240K)
 Metaspace       used 58421K, capacity 60154K, committed 60288K, reserved 1101824K
  class space    used 7343K, capacity 8061K, committed 8140K, reserved 1048576K
}
Event: 6.568 GC heap after
{Heap after GC invocations=11 (full 0):
 garbage-first heap   total 189440K, used 28363K [0x0000000081a00000, 0x0000000100000000)
  region size 1024K, 12 young (12288K), 12 survivors (12288K)
 Metaspace       used 58421K, capacity 60154K, committed 60288K, reserved 1101824K
  class space    used 7343K, capacity 8061K, committed 8140K, reserved 1048576K
}

Deoptimization events (20 events):
Event: 6.958 Thread 0x000001c8da393800 DEOPT PACKING pc=0x000001c8ea83e4cc sp=0x0000005f171fe920
Event: 6.958 Thread 0x000001c8da393800 DEOPT UNPACKING pc=0x000001c8e2ab65af sp=0x0000005f171fe8b0 mode 2
Event: 6.958 Thread 0x000001c8da393800 Uncommon trap: trap_request=0xffffffde fr.pc=0x000001c8ea83e4cc relative=0x000000000000030c
Event: 6.958 Thread 0x000001c8da393800 Uncommon trap: reason=class_check action=maybe_recompile pc=0x000001c8ea83e4cc method=org.springframework.core.ResolvableType.resolveType()Lorg/springframework/core/ResolvableType; @ 45 c2
Event: 6.958 Thread 0x000001c8da393800 DEOPT PACKING pc=0x000001c8ea83e4cc sp=0x0000005f171fe900
Event: 6.958 Thread 0x000001c8da393800 DEOPT UNPACKING pc=0x000001c8e2ab65af sp=0x0000005f171fe890 mode 2
Event: 6.958 Thread 0x000001c8da393800 Uncommon trap: trap_request=0xffffffde fr.pc=0x000001c8ea83e4cc relative=0x000000000000030c
Event: 6.958 Thread 0x000001c8da393800 Uncommon trap: reason=class_check action=maybe_recompile pc=0x000001c8ea83e4cc method=org.springframework.core.ResolvableType.resolveType()Lorg/springframework/core/ResolvableType; @ 45 c2
Event: 6.958 Thread 0x000001c8da393800 DEOPT PACKING pc=0x000001c8ea83e4cc sp=0x0000005f171fe850
Event: 6.958 Thread 0x000001c8da393800 DEOPT UNPACKING pc=0x000001c8e2ab65af sp=0x0000005f171fe7e0 mode 2
Event: 36.840 Thread 0x000001c8f9468000 Uncommon trap: trap_request=0xffffffc6 fr.pc=0x000001c8ea77aa74 relative=0x0000000000001f94
Event: 36.840 Thread 0x000001c8f9468000 Uncommon trap: reason=bimorphic_or_optimized_type_check action=maybe_recompile pc=0x000001c8ea77aa74 method=java.util.zip.InflaterInputStream.read([BII)I @ 100 c2
Event: 36.840 Thread 0x000001c8f9468000 DEOPT PACKING pc=0x000001c8ea77aa74 sp=0x0000005f199fe6c0
Event: 36.840 Thread 0x000001c8f9468000 DEOPT UNPACKING pc=0x000001c8e2ab65af sp=0x0000005f199fe720 mode 2
Event: 36.841 Thread 0x000001c8f9468000 Uncommon trap: trap_request=0xffffffc6 fr.pc=0x000001c8ea77aa74 relative=0x0000000000001f94
Event: 36.841 Thread 0x000001c8f9468000 Uncommon trap: reason=bimorphic_or_optimized_type_check action=maybe_recompile pc=0x000001c8ea77aa74 method=java.util.zip.InflaterInputStream.read([BII)I @ 100 c2
Event: 36.841 Thread 0x000001c8f9468000 DEOPT PACKING pc=0x000001c8ea77aa74 sp=0x0000005f199fd6b0
Event: 36.841 Thread 0x000001c8f9468000 DEOPT UNPACKING pc=0x000001c8e2ab65af sp=0x0000005f199fd710 mode 2
Event: 58.520 Thread 0x000001c8fa24e000 DEOPT PACKING pc=0x000001c8e38cdd91 sp=0x0000005f19afdb40
Event: 58.520 Thread 0x000001c8fa24e000 DEOPT UNPACKING pc=0x000001c8e2ab6d5e sp=0x0000005f19afd020 mode 0

Classes redefined (0 events):
No events

Internal exceptions (20 events):
Event: 6.225 Thread 0x000001c8da393800 Exception <a 'java/lang/ClassNotFoundException'{0x0000000087ca0fb8}: org/springframework/beans/factory/config/BeanFactoryPostProcessorCustomizer> (0x0000000087ca0fb8) thrown at [./src/hotspot/share/classfile/systemDictionary.cpp, line 231]
Event: 6.225 Thread 0x000001c8da393800 Exception <a 'java/lang/ClassNotFoundException'{0x0000000087cb3cd0}: org/springframework/beans/factory/support/BeanDefinitionRegistryPostProcessorCustomizer> (0x0000000087cb3cd0) thrown at [./src/hotspot/share/classfile/systemDictionary.cpp, line 231]
Event: 6.226 Thread 0x000001c8da393800 Exception <a 'java/lang/ClassNotFoundException'{0x0000000087cc56c0}: org/springframework/beans/factory/config/BeanFactoryPostProcessorCustomizer> (0x0000000087cc56c0) thrown at [./src/hotspot/share/classfile/systemDictionary.cpp, line 231]
Event: 6.226 Thread 0x000001c8da393800 Exception <a 'java/lang/ClassNotFoundException'{0x0000000087cd4520}: org/springframework/beans/factory/DisposableBeanCustomizer> (0x0000000087cd4520) thrown at [./src/hotspot/share/classfile/systemDictionary.cpp, line 231]
Event: 6.228 Thread 0x000001c8da393800 Exception <a 'java/lang/ClassNotFoundException'{0x0000000087ce4df0}: java/lang/ObjectCustomizer> (0x0000000087ce4df0) thrown at [./src/hotspot/share/classfile/systemDictionary.cpp, line 231]
Event: 6.229 Thread 0x000001c8da393800 Exception <a 'java/lang/ClassNotFoundException'{0x0000000087cfa138}: org/springframework/cloud/context/properties/ConfigurationPropertiesRebinderCustomizer> (0x0000000087cfa138) thrown at [./src/hotspot/share/classfile/systemDictionary.cpp, line 231]
Event: 6.230 Thread 0x000001c8da393800 Exception <a 'java/lang/ClassNotFoundException'{0x0000000087b150c8}: org/springframework/context/ApplicationContextAwareCustomizer> (0x0000000087b150c8) thrown at [./src/hotspot/share/classfile/systemDictionary.cpp, line 231]
Event: 6.230 Thread 0x000001c8da393800 Exception <a 'java/lang/ClassNotFoundException'{0x0000000087b22e60}: org/springframework/beans/factory/AwareCustomizer> (0x0000000087b22e60) thrown at [./src/hotspot/share/classfile/systemDictionary.cpp, line 231]
Event: 6.231 Thread 0x000001c8da393800 Exception <a 'java/lang/ClassNotFoundException'{0x0000000087b30a40}: org/springframework/context/ApplicationListenerCustomizer> (0x0000000087b30a40) thrown at [./src/hotspot/share/classfile/systemDictionary.cpp, line 231]
Event: 6.231 Thread 0x000001c8da393800 Exception <a 'java/lang/ClassNotFoundException'{0x0000000087b32f78}: java/util/EventListenerCustomizer> (0x0000000087b32f78) thrown at [./src/hotspot/share/classfile/systemDictionary.cpp, line 231]
Event: 6.231 Thread 0x000001c8da393800 Exception <a 'java/lang/ClassNotFoundException'{0x0000000087b3ab78}: java/lang/ObjectCustomizer> (0x0000000087b3ab78) thrown at [./src/hotspot/share/classfile/systemDictionary.cpp, line 231]
Event: 6.232 Thread 0x000001c8da393800 Exception <a 'java/lang/ClassNotFoundException'{0x0000000087b4db30}: org/springframework/jmx/export/metadata/AbstractJmxAttributeCustomizer> (0x0000000087b4db30) thrown at [./src/hotspot/share/classfile/systemDictionary.cpp, line 231]
Event: 6.232 Thread 0x000001c8da393800 Exception <a 'java/lang/ClassNotFoundException'{0x0000000087b5ff40}: org/springframework/jmx/export/metadata/ManagedAttributeCustomizer> (0x0000000087b5ff40) thrown at [./src/hotspot/share/classfile/systemDictionary.cpp, line 231]
Event: 6.246 Thread 0x000001c8da393800 Exception <a 'java/lang/NoSuchMethodError'{0x0000000087a8b298}: 'java.lang.Object java.lang.invoke.DirectMethodHandle$Holder.invokeSpecial(java.lang.Object, java.lang.Object, int, java.lang.Object, int, java.lang.Object)'> (0x0000000087a8b298) thrown at [./src/hotspot/share/interpreter/linkResolver.cpp, line 773]
Event: 6.247 Thread 0x000001c8da393800 Exception <a 'java/lang/NoSuchMethodError'{0x0000000087a92780}: 'java.lang.Object java.lang.invoke.DirectMethodHandle$Holder.invokeStatic(java.lang.Object, java.lang.Object, int, java.lang.Object, int)'> (0x0000000087a92780) thrown at [./src/hotspot/share/interpreter/linkResolver.cpp, line 773]
Event: 6.247 Thread 0x000001c8da393800 Exception <a 'java/lang/NoSuchMethodError'{0x0000000087a95f60}: 'java.lang.Object java.lang.invoke.DirectMethodHandle$Holder.invokeSpecial(java.lang.Object, java.lang.Object, java.lang.Object, int, java.lang.Object, int)'> (0x0000000087a95f60) thrown at [./src/hotspot/share/interpreter/linkResolver.cpp, line 773]
Event: 6.248 Thread 0x000001c8da393800 Exception <a 'java/lang/NoSuchMethodError'{0x0000000087aa0708}: 'void java.lang.invoke.DirectMethodHandle$Holder.invokeVirtual(java.lang.Object, java.lang.Object)'> (0x0000000087aa0708) thrown at [./src/hotspot/share/interpreter/linkResolver.cpp, line 773]
Event: 6.445 Thread 0x000001c8da393800 Exception <a 'sun/nio/fs/WindowsException'{0x0000000086f39468}> (0x0000000086f39468) thrown at [./src/hotspot/share/prims/jni.cpp, line 615]
Event: 36.831 Thread 0x000001c8f9468000 Exception <a 'java/net/SocketTimeoutException'{0x000000008c1092a8}: Read timed out> (0x000000008c1092a8) thrown at [./src/hotspot/share/prims/jni.cpp, line 636]
Event: 36.862 Thread 0x000001c8ff758800 Exception <a 'java/net/SocketTimeoutException'{0x000000008c1be3d8}: Read timed out> (0x000000008c1be3d8) thrown at [./src/hotspot/share/prims/jni.cpp, line 636]

Events (20 events):
Event: 58.535 loading class org/apache/tomcat/util/http/parser/SkipResult
Event: 58.535 loading class org/apache/tomcat/util/http/parser/SkipResult done
Event: 58.535 loading class org/apache/tomcat/util/http/parser/Host
Event: 58.535 loading class org/apache/tomcat/util/http/parser/Host done
Event: 58.536 loading class org/apache/tomcat/util/http/parser/Host$MessageBytesReader
Event: 58.536 loading class org/apache/tomcat/util/http/parser/Host$MessageBytesReader done
Event: 58.536 loading class org/apache/tomcat/util/http/parser/HttpParser$DomainParseState
Event: 58.536 loading class org/apache/tomcat/util/http/parser/HttpParser$DomainParseState done
Event: 58.537 loading class org/apache/catalina/connector/Request
Event: 58.537 loading class org/apache/catalina/connector/Request done
Event: 58.542 loading class org/apache/catalina/connector/CoyoteInputStream
Event: 58.542 loading class org/apache/catalina/connector/CoyoteInputStream done
Event: 58.543 loading class org/apache/catalina/connector/CoyoteReader
Event: 58.543 loading class org/apache/catalina/connector/CoyoteReader done
Event: 58.543 Executing VM operation: Deoptimize
Event: 58.544 Executing VM operation: Deoptimize done
Event: 58.544 loading class javax/servlet/AsyncContext
Event: 58.544 loading class javax/servlet/AsyncContext done
Event: 58.545 loading class org/apache/tomcat/util/http/fileupload/impl/InvalidContentTypeException
Event: 58.545 loading class org/apache/tomcat/util/http/fileupload/impl/InvalidContentTypeException done


Dynamic libraries:
0x00007ff69a290000 - 0x00007ff69a29d000 	C:\Users\Meu Computador\AppData\Local\Programs\AdoptOpenJDK\jdk-11.0.11.9-hotspot\bin\java.exe
0x00007ffad7ed0000 - 0x00007ffad80c5000 	C:\WINDOWS\SYSTEM32\ntdll.dll
0x00007ffad7dd0000 - 0x00007ffad7e8e000 	C:\WINDOWS\System32\KERNEL32.DLL
0x00007ffad5970000 - 0x00007ffad5c39000 	C:\WINDOWS\System32\KERNELBASE.dll
0x00007ffad5750000 - 0x00007ffad5850000 	C:\WINDOWS\System32\ucrtbase.dll
0x00007ffad10c0000 - 0x00007ffad10d5000 	C:\Users\Meu Computador\AppData\Local\Programs\AdoptOpenJDK\jdk-11.0.11.9-hotspot\bin\VCRUNTIME140.dll
0x00007ffac9690000 - 0x00007ffac96a7000 	C:\Users\Meu Computador\AppData\Local\Programs\AdoptOpenJDK\jdk-11.0.11.9-hotspot\bin\jli.dll
0x00007ffad6a30000 - 0x00007ffad6bd1000 	C:\WINDOWS\System32\USER32.dll
0x00007ffac7240000 - 0x00007ffac74da000 	C:\WINDOWS\WinSxS\amd64_microsoft.windows.common-controls_6595b64144ccf1df_6.0.19041.1110_none_60b5254171f9507e\COMCTL32.dll
0x00007ffad7350000 - 0x00007ffad73ee000 	C:\WINDOWS\System32\msvcrt.dll
0x00007ffad6be0000 - 0x00007ffad6c0b000 	C:\WINDOWS\System32\GDI32.dll
0x00007ffad5c40000 - 0x00007ffad5c62000 	C:\WINDOWS\System32\win32u.dll
0x00007ffad5e10000 - 0x00007ffad5f1b000 	C:\WINDOWS\System32\gdi32full.dll
0x00007ffad5d20000 - 0x00007ffad5dbd000 	C:\WINDOWS\System32\msvcp_win.dll
0x00007ffad6a00000 - 0x00007ffad6a30000 	C:\WINDOWS\System32\IMM32.DLL
0x00007ffa9d550000 - 0x00007ffa9d5eb000 	C:\Users\Meu Computador\AppData\Local\Programs\AdoptOpenJDK\jdk-11.0.11.9-hotspot\bin\msvcp140.dll
0x00007ffa816f0000 - 0x00007ffa8223b000 	C:\Users\Meu Computador\AppData\Local\Programs\AdoptOpenJDK\jdk-11.0.11.9-hotspot\bin\server\jvm.dll
0x00007ffad7c20000 - 0x00007ffad7ccc000 	C:\WINDOWS\System32\ADVAPI32.dll
0x00007ffad7cd0000 - 0x00007ffad7d6b000 	C:\WINDOWS\System32\sechost.dll
0x00007ffad5f90000 - 0x00007ffad60ba000 	C:\WINDOWS\System32\RPCRT4.dll
0x00007ffad7730000 - 0x00007ffad7738000 	C:\WINDOWS\System32\PSAPI.DLL
0x00007ffac8750000 - 0x00007ffac8759000 	C:\WINDOWS\SYSTEM32\WSOCK32.dll
0x00007ffaca0f0000 - 0x00007ffaca117000 	C:\WINDOWS\SYSTEM32\WINMM.dll
0x00007ffacb260000 - 0x00007ffacb26a000 	C:\WINDOWS\SYSTEM32\VERSION.dll
0x00007ffad7b90000 - 0x00007ffad7bfb000 	C:\WINDOWS\System32\WS2_32.dll
0x00007ffad3430000 - 0x00007ffad3442000 	C:\WINDOWS\SYSTEM32\kernel.appcore.dll
0x00007ffac9790000 - 0x00007ffac97a0000 	C:\Users\Meu Computador\AppData\Local\Programs\AdoptOpenJDK\jdk-11.0.11.9-hotspot\bin\verify.dll
0x00007ffaca350000 - 0x00007ffaca534000 	C:\WINDOWS\SYSTEM32\DBGHELP.DLL
0x00007ffac9d00000 - 0x00007ffac9d2c000 	C:\WINDOWS\SYSTEM32\dbgcore.DLL
0x00007ffad5880000 - 0x00007ffad5903000 	C:\WINDOWS\System32\bcryptPrimitives.dll
0x00007ffab9a50000 - 0x00007ffab9a78000 	C:\Users\Meu Computador\AppData\Local\Programs\AdoptOpenJDK\jdk-11.0.11.9-hotspot\bin\java.dll
0x00007ffac8fb0000 - 0x00007ffac8fba000 	C:\Users\Meu Computador\AppData\Local\Programs\AdoptOpenJDK\jdk-11.0.11.9-hotspot\bin\jimage.dll
0x00007ffabf6f0000 - 0x00007ffabf707000 	C:\Users\Meu Computador\AppData\Local\Programs\AdoptOpenJDK\jdk-11.0.11.9-hotspot\bin\zip.dll
0x00007ffad6c10000 - 0x00007ffad734f000 	C:\WINDOWS\System32\SHELL32.dll
0x00007ffad3710000 - 0x00007ffad3ea0000 	C:\WINDOWS\SYSTEM32\windows.storage.dll
0x00007ffad65f0000 - 0x00007ffad6945000 	C:\WINDOWS\System32\combase.dll
0x00007ffad4f70000 - 0x00007ffad4f9c000 	C:\WINDOWS\SYSTEM32\Wldp.dll
0x00007ffad60c0000 - 0x00007ffad616e000 	C:\WINDOWS\System32\SHCORE.dll
0x00007ffad7b30000 - 0x00007ffad7b85000 	C:\WINDOWS\System32\shlwapi.dll
0x00007ffad5530000 - 0x00007ffad554f000 	C:\WINDOWS\SYSTEM32\profapi.dll
0x00007ffaba060000 - 0x00007ffaba079000 	C:\Users\Meu Computador\AppData\Local\Programs\AdoptOpenJDK\jdk-11.0.11.9-hotspot\bin\net.dll
0x00007ffacc440000 - 0x00007ffacc548000 	C:\WINDOWS\SYSTEM32\WINHTTP.dll
0x00007ffad4cd0000 - 0x00007ffad4d3a000 	C:\WINDOWS\system32\mswsock.dll
0x00007ffab9a30000 - 0x00007ffab9a42000 	C:\Users\Meu Computador\AppData\Local\Programs\AdoptOpenJDK\jdk-11.0.11.9-hotspot\bin\nio.dll
0x00007ffac4270000 - 0x00007ffac4279000 	C:\Users\Meu Computador\AppData\Local\Programs\AdoptOpenJDK\jdk-11.0.11.9-hotspot\bin\management.dll
0x00007ffac4220000 - 0x00007ffac422b000 	C:\Users\Meu Computador\AppData\Local\Programs\AdoptOpenJDK\jdk-11.0.11.9-hotspot\bin\management_ext.dll
0x00007ffac5f70000 - 0x00007ffac5f87000 	C:\WINDOWS\system32\napinsp.dll
0x00007ffac5e80000 - 0x00007ffac5e9b000 	C:\WINDOWS\system32\pnrpnsp.dll
0x00007ffac5de0000 - 0x00007ffac5df5000 	C:\WINDOWS\system32\wshbth.dll
0x00007ffad1070000 - 0x00007ffad108d000 	C:\WINDOWS\system32\NLAapi.dll
0x00007ffad49c0000 - 0x00007ffad49fb000 	C:\WINDOWS\SYSTEM32\IPHLPAPI.DLL
0x00007ffad4a00000 - 0x00007ffad4acc000 	C:\WINDOWS\SYSTEM32\DNSAPI.dll
0x00007ffad5f80000 - 0x00007ffad5f88000 	C:\WINDOWS\System32\NSI.dll
0x00007ffac5e60000 - 0x00007ffac5e72000 	C:\WINDOWS\System32\winrnr.dll
0x00007ffacefb0000 - 0x00007ffacefba000 	C:\Windows\System32\rasadhlp.dll
0x00007ffacc300000 - 0x00007ffacc37f000 	C:\WINDOWS\System32\fwpuclnt.dll
0x00007ffad5850000 - 0x00007ffad5877000 	C:\WINDOWS\System32\bcrypt.dll
0x00007ffad4ed0000 - 0x00007ffad4ee8000 	C:\WINDOWS\SYSTEM32\CRYPTSP.dll
0x00007ffad4650000 - 0x00007ffad4684000 	C:\WINDOWS\system32\rsaenh.dll
0x00007ffad54f0000 - 0x00007ffad551e000 	C:\WINDOWS\SYSTEM32\USERENV.dll
0x00007ffad4ec0000 - 0x00007ffad4ecc000 	C:\WINDOWS\SYSTEM32\CRYPTBASE.dll
0x00007ffacf980000 - 0x00007ffacf997000 	C:\WINDOWS\SYSTEM32\dhcpcsvc6.DLL
0x00007ffacfbe0000 - 0x00007ffacfbfd000 	C:\WINDOWS\SYSTEM32\dhcpcsvc.DLL
0x00007ffab3210000 - 0x00007ffab3235000 	C:\Users\Meu Computador\AppData\Local\Programs\AdoptOpenJDK\jdk-11.0.11.9-hotspot\bin\sunec.dll

dbghelp: loaded successfully - version: 4.0.5 - missing functions: none
symbol engine: initialized successfully - sym options: 0x614 - pdb path: .;C:\Users\Meu Computador\AppData\Local\Programs\AdoptOpenJDK\jdk-11.0.11.9-hotspot\bin;C:\WINDOWS\SYSTEM32;C:\WINDOWS\WinSxS\amd64_microsoft.windows.common-controls_6595b64144ccf1df_6.0.19041.1110_none_60b5254171f9507e;C:\Users\Meu Computador\AppData\Local\Programs\AdoptOpenJDK\jdk-11.0.11.9-hotspot\bin\server

VM Arguments:
jvm_args: -Dcom.sun.management.jmxremote -Dcom.sun.management.jmxremote.port=61759 -Dcom.sun.management.jmxremote.authenticate=false -Dcom.sun.management.jmxremote.ssl=false -Djava.rmi.server.hostname=localhost -Dspring.application.admin.enabled=true -Dspring.jmx.enabled=true -Dfile.encoding=UTF-8 
java_command: com.tech4me.produtosms.ProdutosMsApplication
java_class_path (initial): C:\Users\Meu Computador\Desktop\BACK-END\NOVOS-PROJETOS\prova-final\produtos-ms\target\classes;C:\Users\Meu Computador\.m2\repository\org\springframework\boot\spring-boot-starter-web\2.5.5\spring-boot-starter-web-2.5.5.jar;C:\Users\Meu Computador\.m2\repository\org\springframework\boot\spring-boot-starter\2.5.5\spring-boot-starter-2.5.5.jar;C:\Users\Meu Computador\.m2\repository\org\springframework\boot\spring-boot\2.5.5\spring-boot-2.5.5.jar;C:\Users\Meu Computador\.m2\repository\org\springframework\boot\spring-boot-autoconfigure\2.5.5\spring-boot-autoconfigure-2.5.5.jar;C:\Users\Meu Computador\.m2\repository\org\springframework\boot\spring-boot-starter-logging\2.5.5\spring-boot-starter-logging-2.5.5.jar;C:\Users\Meu Computador\.m2\repository\ch\qos\logback\logback-classic\1.2.6\logback-classic-1.2.6.jar;C:\Users\Meu Computador\.m2\repository\ch\qos\logback\logback-core\1.2.6\logback-core-1.2.6.jar;C:\Users\Meu Computador\.m2\repository\org\apache\logging\log4j\log4j-to-slf4j\2.14.1\log4j-to-slf4j-2.14.1.jar;C:\Users\Meu Computador\.m2\repository\org\apache\logging\log4j\log4j-api\2.14.1\log4j-api-2.14.1.jar;C:\Users\Meu Computador\.m2\repository\org\slf4j\jul-to-slf4j\1.7.32\jul-to-slf4j-1.7.32.jar;C:\Users\Meu Computador\.m2\repository\jakarta\annotation\jakarta.annotation-api\1.3.5\jakarta.annotation-api-1.3.5.jar;C:\Users\Meu Computador\.m2\repository\org\yaml\snakeyaml\1.28\snakeyaml-1.28.jar;C:\Users\Meu Computador\.m2\repository\org\springframework\boot\spring-boot-starter-json\2.5.5\spring-boot-starter-json-2.5.5.jar;C:\Users\Meu Computador\.m2\repository\com\fasterxml\jackson\datatype\jackson-datatype-jdk8\2.12.5\jackson-datatype-jdk8-2.12.5.jar;C:\Users\Meu Computador\.m2\repository\com\fasterxml\jackson\datatype\jackson-datatype-jsr310\2.12.5\jackson-datatype-jsr310-2.12.5.jar;C:\Users\Meu Computador\.m2\repository\com\fasterxml\jackson\module\jackson-module-parameter-names\2.12.5\jackson-module-parameter-names-2.12.5.jar;C:\
Launcher Type: SUN_STANDARD

[Global flags]
     intx CICompilerCount                          = 3                                         {product} {ergonomic}
     uint ConcGCThreads                            = 1                                         {product} {ergonomic}
     uint G1ConcRefinementThreads                  = 4                                         {product} {ergonomic}
   size_t G1HeapRegionSize                         = 1048576                                   {product} {ergonomic}
    uintx GCDrainStackTargetSize                   = 64                                        {product} {ergonomic}
   size_t InitialHeapSize                          = 134217728                                 {product} {ergonomic}
     bool ManagementServer                         = true                                      {product} {command line}
   size_t MarkStackSize                            = 4194304                                   {product} {ergonomic}
   size_t MaxHeapSize                              = 2120220672                                {product} {ergonomic}
   size_t MaxNewSize                               = 1271922688                                {product} {ergonomic}
   size_t MinHeapDeltaBytes                        = 1048576                                   {product} {ergonomic}
    uintx NonNMethodCodeHeapSize                   = 5830732                                {pd product} {ergonomic}
    uintx NonProfiledCodeHeapSize                  = 122913754                              {pd product} {ergonomic}
    uintx ProfiledCodeHeapSize                     = 122913754                              {pd product} {ergonomic}
    uintx ReservedCodeCacheSize                    = 251658240                              {pd product} {ergonomic}
     bool SegmentedCodeCache                       = true                                      {product} {ergonomic}
     bool UseCompressedClassPointers               = true                                 {lp64_product} {ergonomic}
     bool UseCompressedOops                        = true                                 {lp64_product} {ergonomic}
     bool UseG1GC                                  = true                                      {product} {ergonomic}
     bool UseLargePagesIndividualAllocation        = false                                  {pd product} {ergonomic}

Logging:
Log output configuration:
 #0: stdout all=warning uptime,level,tags
 #1: stderr all=off uptime,level,tags

Environment Variables:
JAVA_HOME=C:\Users\Meu Computador\AppData\Local\Programs\AdoptOpenJDK\jdk-11.0.11.9-hotspot\
PATH=C:\Program Files (x86)\Common Files\Oracle\Java\javapath;C:\WINDOWS\system32;C:\WINDOWS;C:\WINDOWS\System32\Wbem;C:\WINDOWS\System32\WindowsPowerShell\v1.0\;C:\WINDOWS\System32\OpenSSH\;C:\Program Files (x86)\HP\Common\HPDestPlgIn\;C:\Program Files\Java\jdk1.8.0_291\bin;C:\Program Files\Git\cmd;C:\maven\bin;C:\Program Files\MongoDB\Server\5.0\bin;C:\Program Files\MongoDB\Tools\100\bin;C:\Users\Meu Computador\AppData\Local\Programs\AdoptOpenJDK\jdk-11.0.11.9-hotspot\bin;C:\Users\Meu Computador\AppData\Local\Microsoft\WindowsApps;C:\Program Files (x86)\HP\Common\HPDestPlgIn\;C:\Users\Meu Computador\AppData\Local\Programs\Microsoft VS Code\bin;C:\apache-maven-3.8.1\bin;C:\Users\Meu Computador\AppData\Local\Programs\mongosh\;C:\Users\Meu Computador\AppData\Local\GitHubDesktop\bin
USERNAME=Meu Computador
OS=Windows_NT
PROCESSOR_IDENTIFIER=Intel64 Family 6 Model 58 Stepping 9, GenuineIntel



---------------  S Y S T E M  ---------------

OS: Windows 10 , 64 bit Build 19041 (10.0.19041.1202)
OS uptime: 0 days 1:53 hours

CPU:total 4 (initial active 4) (4 cores per cpu, 1 threads per core) family 6 model 58 stepping 9 microcode 0x21, cmov, cx8, fxsr, mmx, sse, sse2, sse3, ssse3, sse4.1, sse4.2, popcnt, avx, aes, clmul, erms, tsc, tscinvbit, tscinv

Memory: 4k page, system-wide physical 8085M (997M free)
TotalPageFile size 8085M (AvailPageFile size 3M)
current process WorkingSet (physical memory assigned to process): 284M, peak: 316M
current process commit charge ("private bytes"): 368M, peak: 403M

vm_info: OpenJDK 64-Bit Server VM (11.0.11+9) for windows-amd64 JRE (11.0.11+9), built on Apr 20 2021 21:22:09 by "" with MS VC++ 15.9 (VS2017)

END.
