#
# There is insufficient memory for the Java Runtime Environment to continue.
# Native memory allocation (malloc) failed to allocate 310816 bytes for Chunk::new
# Possible reasons:
#   The system is out of physical RAM or swap space
#   The process is running with CompressedOops enabled, and the Java Heap may be blocking the growth of the native heap
# Possible solutions:
#   Reduce memory load on the system
#   Increase physical memory or swap space
#   Check if swap backing store is full
#   Decrease Java heap size (-Xmx/-Xms)
#   Decrease number of Java threads
#   Decrease Java thread stack sizes (-Xss)
#   Set larger code cache with -XX:ReservedCodeCacheSize=
#   JVM is running with Unscaled Compressed Oops mode in which the Java heap is
#     placed in the first 4GB address space. The Java Heap base address is the
#     maximum limit for the native heap growth. Please use -XX:HeapBaseMinAddress
#     to set the Java Heap base and to place the Java Heap above 4GB virtual address.
# This output file may be truncated or incomplete.
#
#  Out of Memory Error (./src/hotspot/share/memory/arena.cpp:197), pid=4392, tid=6560
#
# JRE version: OpenJDK Runtime Environment AdoptOpenJDK-11.0.11+9 (11.0.11+9) (build 11.0.11+9)
# Java VM: OpenJDK 64-Bit Server VM AdoptOpenJDK-11.0.11+9 (11.0.11+9, mixed mode, tiered, compressed oops, g1 gc, windows-amd64)
# No core dump will be written. Minidumps are not enabled by default on client versions of Windows
#

---------------  S U M M A R Y ------------

Command Line: -Dcom.sun.management.jmxremote -Dcom.sun.management.jmxremote.port=63652 -Dcom.sun.management.jmxremote.authenticate=false -Dcom.sun.management.jmxremote.ssl=false -Djava.rmi.server.hostname=localhost -Dspring.application.admin.enabled=true -Dspring.jmx.enabled=true -Dfile.encoding=UTF-8 com.tech4me.zuulserver.ZuulServerApplication

Host: Intel(R) Core(TM) i5-3470 CPU @ 3.20GHz, 4 cores, 7G,  Windows 10 , 64 bit Build 19041 (10.0.19041.1202)
Time: Tue Oct 12 08:39:01 2021 Hora oficial do Brasil elapsed time: 0.436985 seconds (0d 0h 0m 0s)

---------------  T H R E A D  ---------------

Current thread (0x00000237cc8f2800):  JavaThread "C2 CompilerThread0" daemon [_thread_in_native, id=6560, stack(0x000000e19d900000,0x000000e19da00000)]


Current CompileTask:
C2:    437  625       4       jdk.internal.org.objectweb.asm.Item::set (219 bytes)

Stack: [0x000000e19d900000,0x000000e19da00000]
Native frames: (J=compiled Java code, j=interpreted, Vv=VM code, C=native code)
V  [jvm.dll+0x5f7e5a]
V  [jvm.dll+0x77ff2e]
V  [jvm.dll+0x7815ff]
V  [jvm.dll+0x781cc3]
V  [jvm.dll+0x247408]
V  [jvm.dll+0xbe69c]
V  [jvm.dll+0xbed9c]
V  [jvm.dll+0x2b6664]
V  [jvm.dll+0x509569]
V  [jvm.dll+0x208e8d]
V  [jvm.dll+0x202dea]
V  [jvm.dll+0x1ffe4f]
V  [jvm.dll+0x184f1c]
V  [jvm.dll+0x20f3e7]
V  [jvm.dll+0x20d5cb]
V  [jvm.dll+0x7442f9]
V  [jvm.dll+0x73d364]
V  [jvm.dll+0x5f6cd6]
C  [ucrtbase.dll+0x21bb2]
C  [KERNEL32.DLL+0x17034]
C  [ntdll.dll+0x52651]


---------------  P R O C E S S  ---------------

Threads class SMR info:
_java_thread_list=0x00000237ccbd6210, length=11, elements={
0x00000237ad826800, 0x00000237cbf67800, 0x00000237cbf70000, 0x00000237cbf7d000,
0x00000237cbf7f800, 0x00000237cbf81800, 0x00000237cc8f2800, 0x00000237cc8f8800,
0x00000237cbf85000, 0x00000237cbefa800, 0x00000237ccc01800
}

Java Threads: ( => current thread )
  0x00000237ad826800 JavaThread "main" [_thread_blocked, id=3344, stack(0x000000e19cd00000,0x000000e19ce00000)]
  0x00000237cbf67800 JavaThread "Reference Handler" daemon [_thread_blocked, id=11900, stack(0x000000e19d400000,0x000000e19d500000)]
  0x00000237cbf70000 JavaThread "Finalizer" daemon [_thread_blocked, id=5812, stack(0x000000e19d500000,0x000000e19d600000)]
  0x00000237cbf7d000 JavaThread "Signal Dispatcher" daemon [_thread_blocked, id=1876, stack(0x000000e19d600000,0x000000e19d700000)]
  0x00000237cbf7f800 JavaThread "Attach Listener" daemon [_thread_blocked, id=9388, stack(0x000000e19d700000,0x000000e19d800000)]
  0x00000237cbf81800 JavaThread "Service Thread" daemon [_thread_blocked, id=6348, stack(0x000000e19d800000,0x000000e19d900000)]
=>0x00000237cc8f2800 JavaThread "C2 CompilerThread0" daemon [_thread_in_native, id=6560, stack(0x000000e19d900000,0x000000e19da00000)]
  0x00000237cc8f8800 JavaThread "C1 CompilerThread0" daemon [_thread_blocked, id=11716, stack(0x000000e19da00000,0x000000e19db00000)]
  0x00000237cbf85000 JavaThread "Sweeper thread" daemon [_thread_blocked, id=11052, stack(0x000000e19db00000,0x000000e19dc00000)]
  0x00000237cbefa800 JavaThread "Common-Cleaner" daemon [_thread_blocked, id=5496, stack(0x000000e19dc00000,0x000000e19dd00000)]
  0x00000237ccc01800 JavaThread "C2 CompilerThread1" daemon [_thread_blocked, id=6060, stack(0x000000e19dd00000,0x000000e19de00000)]

Other Threads:
  0x00000237cbf63800 VMThread "VM Thread" [stack: 0x000000e19d300000,0x000000e19d400000] [id=6152]
  0x00000237ad83e000 GCTaskThread "GC Thread#0" [stack: 0x000000e19ce00000,0x000000e19cf00000] [id=852]
  0x00000237cd39d000 GCTaskThread "GC Thread#1" [stack: 0x000000e19de00000,0x000000e19df00000] [id=3948]
  0x00000237cd3a2000 GCTaskThread "GC Thread#2" [stack: 0x000000e19df00000,0x000000e19e000000] [id=3120]
  0x00000237ad873800 ConcurrentGCThread "G1 Main Marker" [stack: 0x000000e19cf00000,0x000000e19d000000] [id=7956]
  0x00000237ad876000 ConcurrentGCThread "G1 Conc#0" [stack: 0x000000e19d000000,0x000000e19d100000] [id=2284]
  0x00000237ad8ed800 ConcurrentGCThread "G1 Refine#0" [stack: 0x000000e19d100000,0x000000e19d200000] [id=11256]
  0x00000237ad8ee800 ConcurrentGCThread "G1 Young RemSet Sampling" [stack: 0x000000e19d200000,0x000000e19d300000] [id=2696]

Threads with active compile tasks:
C2 CompilerThread0    468  625       4       jdk.internal.org.objectweb.asm.Item::set (219 bytes)
C1 CompilerThread0    468  646       3       java.lang.invoke.InvokerBytecodeGenerator::isStaticallyInvocable (165 bytes)

VM state:at safepoint (normal execution)

VM Mutex/Monitor currently owned by a thread:  ([mutex/lock_event])
[0x00000237ad8249d0] Threads_lock - owner thread: 0x00000237cbf63800
[0x00000237ad825360] Heap_lock - owner thread: 0x00000237ad826800
[0x00000237ad825b40] MethodData_lock - owner thread: 0x00000237ad826800

Heap address: 0x0000000081a00000, size: 2022 MB, Compressed Oops mode: 32-bit
Narrow klass base: 0x0000000000000000, Narrow klass shift: 3
Compressed class space size: 1073741824 Address: 0x0000000100000000

Heap:
 garbage-first heap   total 131072K, used 5776K [0x0000000081a00000, 0x0000000100000000)
  region size 1024K, 3 young (3072K), 3 survivors (3072K)
 Metaspace       used 8645K, capacity 8744K, committed 8832K, reserved 1067008K
  class space    used 800K, capacity 853K, committed 896K, reserved 1048576K
Heap Regions: E=young(eden), S=young(survivor), O=old, HS=humongous(starts), HC=humongous(continues), CS=collection set, F=free, A=archive, TAMS=top-at-mark-start (previous, next)
|   0|0x0000000081a00000, 0x0000000081b00000, 0x0000000081b00000|100%| O|  |TAMS 0x0000000081a00000, 0x0000000081b00000| Untracked 
|   1|0x0000000081b00000, 0x0000000081c00000, 0x0000000081c00000|100%| O|  |TAMS 0x0000000081b00000, 0x0000000081c00000| Untracked 
|   2|0x0000000081c00000, 0x0000000081d00000, 0x0000000081d00000|100%| O|  |TAMS 0x0000000081c00000, 0x0000000081d00000| Untracked 
|   3|0x0000000081d00000, 0x0000000081d94e00, 0x0000000081e00000| 58%| O|  |TAMS 0x0000000081d00000, 0x0000000081d94e00| Untracked 
|   4|0x0000000081e00000, 0x0000000081e00000, 0x0000000081f00000|  0%| F|  |TAMS 0x0000000081e00000, 0x0000000081e00000| Untracked 
|   5|0x0000000081f00000, 0x0000000081f00000, 0x0000000082000000|  0%| F|  |TAMS 0x0000000081f00000, 0x0000000081f00000| Untracked 
|   6|0x0000000082000000, 0x0000000082000000, 0x0000000082100000|  0%| F|  |TAMS 0x0000000082000000, 0x0000000082000000| Untracked 
|   7|0x0000000082100000, 0x0000000082100000, 0x0000000082200000|  0%| F|  |TAMS 0x0000000082100000, 0x0000000082100000| Untracked 
|   8|0x0000000082200000, 0x0000000082200000, 0x0000000082300000|  0%| F|  |TAMS 0x0000000082200000, 0x0000000082200000| Untracked 
|   9|0x0000000082300000, 0x0000000082300000, 0x0000000082400000|  0%| F|  |TAMS 0x0000000082300000, 0x0000000082300000| Untracked 
|  10|0x0000000082400000, 0x0000000082400000, 0x0000000082500000|  0%| F|  |TAMS 0x0000000082400000, 0x0000000082400000| Untracked 
|  11|0x0000000082500000, 0x0000000082500000, 0x0000000082600000|  0%| F|  |TAMS 0x0000000082500000, 0x0000000082500000| Untracked 
|  12|0x0000000082600000, 0x0000000082600000, 0x0000000082700000|  0%| F|  |TAMS 0x0000000082600000, 0x0000000082600000| Untracked 
|  13|0x0000000082700000, 0x0000000082700000, 0x0000000082800000|  0%| F|  |TAMS 0x0000000082700000, 0x0000000082700000| Untracked 
|  14|0x0000000082800000, 0x0000000082800000, 0x0000000082900000|  0%| F|  |TAMS 0x0000000082800000, 0x0000000082800000| Untracked 
|  15|0x0000000082900000, 0x0000000082900000, 0x0000000082a00000|  0%| F|  |TAMS 0x0000000082900000, 0x0000000082900000| Untracked 
|  16|0x0000000082a00000, 0x0000000082a00000, 0x0000000082b00000|  0%| F|  |TAMS 0x0000000082a00000, 0x0000000082a00000| Untracked 
|  17|0x0000000082b00000, 0x0000000082b00000, 0x0000000082c00000|  0%| F|  |TAMS 0x0000000082b00000, 0x0000000082b00000| Untracked 
|  18|0x0000000082c00000, 0x0000000082c00000, 0x0000000082d00000|  0%| F|  |TAMS 0x0000000082c00000, 0x0000000082c00000| Untracked 
|  19|0x0000000082d00000, 0x0000000082d00000, 0x0000000082e00000|  0%| F|  |TAMS 0x0000000082d00000, 0x0000000082d00000| Untracked 
|  20|0x0000000082e00000, 0x0000000082e00000, 0x0000000082f00000|  0%| F|  |TAMS 0x0000000082e00000, 0x0000000082e00000| Untracked 
|  21|0x0000000082f00000, 0x0000000082f00000, 0x0000000083000000|  0%| F|  |TAMS 0x0000000082f00000, 0x0000000082f00000| Untracked 
|  22|0x0000000083000000, 0x0000000083000000, 0x0000000083100000|  0%| F|  |TAMS 0x0000000083000000, 0x0000000083000000| Untracked 
|  23|0x0000000083100000, 0x0000000083100000, 0x0000000083200000|  0%| F|  |TAMS 0x0000000083100000, 0x0000000083100000| Untracked 
|  24|0x0000000083200000, 0x0000000083200000, 0x0000000083300000|  0%| F|  |TAMS 0x0000000083200000, 0x0000000083200000| Untracked 
|  25|0x0000000083300000, 0x0000000083300000, 0x0000000083400000|  0%| F|  |TAMS 0x0000000083300000, 0x0000000083300000| Untracked 
|  26|0x0000000083400000, 0x0000000083400000, 0x0000000083500000|  0%| F|  |TAMS 0x0000000083400000, 0x0000000083400000| Untracked 
|  27|0x0000000083500000, 0x0000000083500000, 0x0000000083600000|  0%| F|  |TAMS 0x0000000083500000, 0x0000000083500000| Untracked 
|  28|0x0000000083600000, 0x0000000083600000, 0x0000000083700000|  0%| F|  |TAMS 0x0000000083600000, 0x0000000083600000| Untracked 
|  29|0x0000000083700000, 0x0000000083700000, 0x0000000083800000|  0%| F|  |TAMS 0x0000000083700000, 0x0000000083700000| Untracked 
|  30|0x0000000083800000, 0x0000000083800000, 0x0000000083900000|  0%| F|  |TAMS 0x0000000083800000, 0x0000000083800000| Untracked 
|  31|0x0000000083900000, 0x0000000083900000, 0x0000000083a00000|  0%| F|  |TAMS 0x0000000083900000, 0x0000000083900000| Untracked 
|  32|0x0000000083a00000, 0x0000000083a00000, 0x0000000083b00000|  0%| F|  |TAMS 0x0000000083a00000, 0x0000000083a00000| Untracked 
|  33|0x0000000083b00000, 0x0000000083b00000, 0x0000000083c00000|  0%| F|  |TAMS 0x0000000083b00000, 0x0000000083b00000| Untracked 
|  34|0x0000000083c00000, 0x0000000083c00000, 0x0000000083d00000|  0%| F|  |TAMS 0x0000000083c00000, 0x0000000083c00000| Untracked 
|  35|0x0000000083d00000, 0x0000000083d00000, 0x0000000083e00000|  0%| F|  |TAMS 0x0000000083d00000, 0x0000000083d00000| Untracked 
|  36|0x0000000083e00000, 0x0000000083e00000, 0x0000000083f00000|  0%| F|  |TAMS 0x0000000083e00000, 0x0000000083e00000| Untracked 
|  37|0x0000000083f00000, 0x0000000083f00000, 0x0000000084000000|  0%| F|  |TAMS 0x0000000083f00000, 0x0000000083f00000| Untracked 
|  38|0x0000000084000000, 0x0000000084000000, 0x0000000084100000|  0%| F|  |TAMS 0x0000000084000000, 0x0000000084000000| Untracked 
|  39|0x0000000084100000, 0x0000000084100000, 0x0000000084200000|  0%| F|  |TAMS 0x0000000084100000, 0x0000000084100000| Untracked 
|  40|0x0000000084200000, 0x0000000084200000, 0x0000000084300000|  0%| F|  |TAMS 0x0000000084200000, 0x0000000084200000| Untracked 
|  41|0x0000000084300000, 0x0000000084300000, 0x0000000084400000|  0%| F|  |TAMS 0x0000000084300000, 0x0000000084300000| Untracked 
|  42|0x0000000084400000, 0x0000000084400000, 0x0000000084500000|  0%| F|  |TAMS 0x0000000084400000, 0x0000000084400000| Untracked 
|  43|0x0000000084500000, 0x0000000084500000, 0x0000000084600000|  0%| F|  |TAMS 0x0000000084500000, 0x0000000084500000| Untracked 
|  44|0x0000000084600000, 0x0000000084600000, 0x0000000084700000|  0%| F|  |TAMS 0x0000000084600000, 0x0000000084600000| Untracked 
|  45|0x0000000084700000, 0x0000000084700000, 0x0000000084800000|  0%| F|  |TAMS 0x0000000084700000, 0x0000000084700000| Untracked 
|  46|0x0000000084800000, 0x0000000084800000, 0x0000000084900000|  0%| F|  |TAMS 0x0000000084800000, 0x0000000084800000| Untracked 
|  47|0x0000000084900000, 0x0000000084900000, 0x0000000084a00000|  0%| F|  |TAMS 0x0000000084900000, 0x0000000084900000| Untracked 
|  48|0x0000000084a00000, 0x0000000084a00000, 0x0000000084b00000|  0%| F|  |TAMS 0x0000000084a00000, 0x0000000084a00000| Untracked 
|  49|0x0000000084b00000, 0x0000000084b00000, 0x0000000084c00000|  0%| F|  |TAMS 0x0000000084b00000, 0x0000000084b00000| Untracked 
|  50|0x0000000084c00000, 0x0000000084c00000, 0x0000000084d00000|  0%| F|  |TAMS 0x0000000084c00000, 0x0000000084c00000| Untracked 
|  51|0x0000000084d00000, 0x0000000084d00000, 0x0000000084e00000|  0%| F|  |TAMS 0x0000000084d00000, 0x0000000084d00000| Untracked 
|  52|0x0000000084e00000, 0x0000000084e00000, 0x0000000084f00000|  0%| F|  |TAMS 0x0000000084e00000, 0x0000000084e00000| Untracked 
|  53|0x0000000084f00000, 0x0000000084f00000, 0x0000000085000000|  0%| F|  |TAMS 0x0000000084f00000, 0x0000000084f00000| Untracked 
|  54|0x0000000085000000, 0x0000000085000000, 0x0000000085100000|  0%| F|  |TAMS 0x0000000085000000, 0x0000000085000000| Untracked 
|  55|0x0000000085100000, 0x0000000085100000, 0x0000000085200000|  0%| F|  |TAMS 0x0000000085100000, 0x0000000085100000| Untracked 
|  56|0x0000000085200000, 0x0000000085200000, 0x0000000085300000|  0%| F|  |TAMS 0x0000000085200000, 0x0000000085200000| Untracked 
|  57|0x0000000085300000, 0x0000000085300000, 0x0000000085400000|  0%| F|  |TAMS 0x0000000085300000, 0x0000000085300000| Untracked 
|  58|0x0000000085400000, 0x0000000085400000, 0x0000000085500000|  0%| F|  |TAMS 0x0000000085400000, 0x0000000085400000| Untracked 
|  59|0x0000000085500000, 0x0000000085500000, 0x0000000085600000|  0%| F|  |TAMS 0x0000000085500000, 0x0000000085500000| Untracked 
|  60|0x0000000085600000, 0x0000000085600000, 0x0000000085700000|  0%| F|  |TAMS 0x0000000085600000, 0x0000000085600000| Untracked 
|  61|0x0000000085700000, 0x0000000085700000, 0x0000000085800000|  0%| F|  |TAMS 0x0000000085700000, 0x0000000085700000| Untracked 
|  62|0x0000000085800000, 0x0000000085800000, 0x0000000085900000|  0%| F|  |TAMS 0x0000000085800000, 0x0000000085800000| Untracked 
|  63|0x0000000085900000, 0x0000000085900000, 0x0000000085a00000|  0%| F|  |TAMS 0x0000000085900000, 0x0000000085900000| Untracked 
|  64|0x0000000085a00000, 0x0000000085a00000, 0x0000000085b00000|  0%| F|  |TAMS 0x0000000085a00000, 0x0000000085a00000| Untracked 
|  65|0x0000000085b00000, 0x0000000085b00000, 0x0000000085c00000|  0%| F|  |TAMS 0x0000000085b00000, 0x0000000085b00000| Untracked 
|  66|0x0000000085c00000, 0x0000000085c00000, 0x0000000085d00000|  0%| F|  |TAMS 0x0000000085c00000, 0x0000000085c00000| Untracked 
|  67|0x0000000085d00000, 0x0000000085d00000, 0x0000000085e00000|  0%| F|  |TAMS 0x0000000085d00000, 0x0000000085d00000| Untracked 
|  68|0x0000000085e00000, 0x0000000085e00000, 0x0000000085f00000|  0%| F|  |TAMS 0x0000000085e00000, 0x0000000085e00000| Untracked 
|  69|0x0000000085f00000, 0x0000000085f00000, 0x0000000086000000|  0%| F|  |TAMS 0x0000000085f00000, 0x0000000085f00000| Untracked 
|  70|0x0000000086000000, 0x0000000086000000, 0x0000000086100000|  0%| F|  |TAMS 0x0000000086000000, 0x0000000086000000| Untracked 
|  71|0x0000000086100000, 0x0000000086100000, 0x0000000086200000|  0%| F|  |TAMS 0x0000000086100000, 0x0000000086100000| Untracked 
|  72|0x0000000086200000, 0x0000000086200000, 0x0000000086300000|  0%| F|  |TAMS 0x0000000086200000, 0x0000000086200000| Untracked 
|  73|0x0000000086300000, 0x0000000086300000, 0x0000000086400000|  0%| F|  |TAMS 0x0000000086300000, 0x0000000086300000| Untracked 
|  74|0x0000000086400000, 0x0000000086400000, 0x0000000086500000|  0%| F|  |TAMS 0x0000000086400000, 0x0000000086400000| Untracked 
|  75|0x0000000086500000, 0x0000000086500000, 0x0000000086600000|  0%| F|  |TAMS 0x0000000086500000, 0x0000000086500000| Untracked 
|  76|0x0000000086600000, 0x0000000086600000, 0x0000000086700000|  0%| F|  |TAMS 0x0000000086600000, 0x0000000086600000| Untracked 
|  77|0x0000000086700000, 0x0000000086700000, 0x0000000086800000|  0%| F|  |TAMS 0x0000000086700000, 0x0000000086700000| Untracked 
|  78|0x0000000086800000, 0x0000000086800000, 0x0000000086900000|  0%| F|  |TAMS 0x0000000086800000, 0x0000000086800000| Untracked 
|  79|0x0000000086900000, 0x0000000086900000, 0x0000000086a00000|  0%| F|  |TAMS 0x0000000086900000, 0x0000000086900000| Untracked 
|  80|0x0000000086a00000, 0x0000000086a00000, 0x0000000086b00000|  0%| F|  |TAMS 0x0000000086a00000, 0x0000000086a00000| Untracked 
|  81|0x0000000086b00000, 0x0000000086b00000, 0x0000000086c00000|  0%| F|  |TAMS 0x0000000086b00000, 0x0000000086b00000| Untracked 
|  82|0x0000000086c00000, 0x0000000086c00000, 0x0000000086d00000|  0%| F|  |TAMS 0x0000000086c00000, 0x0000000086c00000| Untracked 
|  83|0x0000000086d00000, 0x0000000086d00000, 0x0000000086e00000|  0%| F|  |TAMS 0x0000000086d00000, 0x0000000086d00000| Untracked 
|  84|0x0000000086e00000, 0x0000000086e00000, 0x0000000086f00000|  0%| F|  |TAMS 0x0000000086e00000, 0x0000000086e00000| Untracked 
|  85|0x0000000086f00000, 0x0000000086f00000, 0x0000000087000000|  0%| F|  |TAMS 0x0000000086f00000, 0x0000000086f00000| Untracked 
|  86|0x0000000087000000, 0x0000000087000000, 0x0000000087100000|  0%| F|  |TAMS 0x0000000087000000, 0x0000000087000000| Untracked 
|  87|0x0000000087100000, 0x0000000087100000, 0x0000000087200000|  0%| F|  |TAMS 0x0000000087100000, 0x0000000087100000| Untracked 
|  88|0x0000000087200000, 0x0000000087200000, 0x0000000087300000|  0%| F|  |TAMS 0x0000000087200000, 0x0000000087200000| Untracked 
|  89|0x0000000087300000, 0x0000000087300000, 0x0000000087400000|  0%| F|  |TAMS 0x0000000087300000, 0x0000000087300000| Untracked 
|  90|0x0000000087400000, 0x0000000087400000, 0x0000000087500000|  0%| F|  |TAMS 0x0000000087400000, 0x0000000087400000| Untracked 
|  91|0x0000000087500000, 0x0000000087500000, 0x0000000087600000|  0%| F|  |TAMS 0x0000000087500000, 0x0000000087500000| Untracked 
|  92|0x0000000087600000, 0x0000000087600000, 0x0000000087700000|  0%| F|  |TAMS 0x0000000087600000, 0x0000000087600000| Untracked 
|  93|0x0000000087700000, 0x0000000087700000, 0x0000000087800000|  0%| F|  |TAMS 0x0000000087700000, 0x0000000087700000| Untracked 
|  94|0x0000000087800000, 0x0000000087800000, 0x0000000087900000|  0%| F|  |TAMS 0x0000000087800000, 0x0000000087800000| Untracked 
|  95|0x0000000087900000, 0x0000000087900000, 0x0000000087a00000|  0%| F|  |TAMS 0x0000000087900000, 0x0000000087900000| Untracked 
|  96|0x0000000087a00000, 0x0000000087a00000, 0x0000000087b00000|  0%| F|  |TAMS 0x0000000087a00000, 0x0000000087a00000| Untracked 
|  97|0x0000000087b00000, 0x0000000087b00000, 0x0000000087c00000|  0%| F|  |TAMS 0x0000000087b00000, 0x0000000087b00000| Untracked 
|  98|0x0000000087c00000, 0x0000000087c00000, 0x0000000087d00000|  0%| F|  |TAMS 0x0000000087c00000, 0x0000000087c00000| Untracked 
|  99|0x0000000087d00000, 0x0000000087d00000, 0x0000000087e00000|  0%| F|  |TAMS 0x0000000087d00000, 0x0000000087d00000| Untracked 
| 100|0x0000000087e00000, 0x0000000087e00000, 0x0000000087f00000|  0%| F|  |TAMS 0x0000000087e00000, 0x0000000087e00000| Untracked 
| 101|0x0000000087f00000, 0x0000000087f00000, 0x0000000088000000|  0%| F|  |TAMS 0x0000000087f00000, 0x0000000087f00000| Untracked 
| 102|0x0000000088000000, 0x0000000088000000, 0x0000000088100000|  0%| F|  |TAMS 0x0000000088000000, 0x0000000088000000| Untracked 
| 103|0x0000000088100000, 0x0000000088100000, 0x0000000088200000|  0%| F|  |TAMS 0x0000000088100000, 0x0000000088100000| Untracked 
| 104|0x0000000088200000, 0x0000000088200000, 0x0000000088300000|  0%| F|  |TAMS 0x0000000088200000, 0x0000000088200000| Untracked 
| 105|0x0000000088300000, 0x0000000088300000, 0x0000000088400000|  0%| F|  |TAMS 0x0000000088300000, 0x0000000088300000| Untracked 
| 106|0x0000000088400000, 0x0000000088400000, 0x0000000088500000|  0%| F|  |TAMS 0x0000000088400000, 0x0000000088400000| Untracked 
| 107|0x0000000088500000, 0x0000000088500000, 0x0000000088600000|  0%| F|  |TAMS 0x0000000088500000, 0x0000000088500000| Untracked 
| 108|0x0000000088600000, 0x0000000088600000, 0x0000000088700000|  0%| F|  |TAMS 0x0000000088600000, 0x0000000088600000| Untracked 
| 109|0x0000000088700000, 0x0000000088700000, 0x0000000088800000|  0%| F|  |TAMS 0x0000000088700000, 0x0000000088700000| Untracked 
| 110|0x0000000088800000, 0x0000000088800000, 0x0000000088900000|  0%| F|  |TAMS 0x0000000088800000, 0x0000000088800000| Untracked 
| 111|0x0000000088900000, 0x0000000088900000, 0x0000000088a00000|  0%| F|  |TAMS 0x0000000088900000, 0x0000000088900000| Untracked 
| 112|0x0000000088a00000, 0x0000000088a00000, 0x0000000088b00000|  0%| F|  |TAMS 0x0000000088a00000, 0x0000000088a00000| Untracked 
| 113|0x0000000088b00000, 0x0000000088b00000, 0x0000000088c00000|  0%| F|  |TAMS 0x0000000088b00000, 0x0000000088b00000| Untracked 
| 114|0x0000000088c00000, 0x0000000088c00000, 0x0000000088d00000|  0%| F|  |TAMS 0x0000000088c00000, 0x0000000088c00000| Untracked 
| 115|0x0000000088d00000, 0x0000000088d00000, 0x0000000088e00000|  0%| F|  |TAMS 0x0000000088d00000, 0x0000000088d00000| Untracked 
| 116|0x0000000088e00000, 0x0000000088e00000, 0x0000000088f00000|  0%| F|  |TAMS 0x0000000088e00000, 0x0000000088e00000| Untracked 
| 117|0x0000000088f00000, 0x0000000088f00000, 0x0000000089000000|  0%| F|  |TAMS 0x0000000088f00000, 0x0000000088f00000| Untracked 
| 118|0x0000000089000000, 0x0000000089000000, 0x0000000089100000|  0%| F|  |TAMS 0x0000000089000000, 0x0000000089000000| Untracked 
| 119|0x0000000089100000, 0x0000000089100000, 0x0000000089200000|  0%| F|  |TAMS 0x0000000089100000, 0x0000000089100000| Untracked 
| 120|0x0000000089200000, 0x0000000089200000, 0x0000000089300000|  0%| F|  |TAMS 0x0000000089200000, 0x0000000089200000| Untracked 
| 121|0x0000000089300000, 0x0000000089300000, 0x0000000089400000|  0%| F|  |TAMS 0x0000000089300000, 0x0000000089300000| Untracked 
| 122|0x0000000089400000, 0x0000000089400000, 0x0000000089500000|  0%| F|  |TAMS 0x0000000089400000, 0x0000000089400000| Untracked 
| 123|0x0000000089500000, 0x0000000089500000, 0x0000000089600000|  0%| F|  |TAMS 0x0000000089500000, 0x0000000089500000| Untracked 
| 124|0x0000000089600000, 0x000000008960f5e8, 0x0000000089700000|  6%| S|CS|TAMS 0x0000000089600000, 0x0000000089600000| Complete 
| 125|0x0000000089700000, 0x0000000089800000, 0x0000000089800000|100%| S|CS|TAMS 0x0000000089700000, 0x0000000089700000| Complete 
| 126|0x0000000089800000, 0x0000000089900000, 0x0000000089900000|100%| S|CS|TAMS 0x0000000089800000, 0x0000000089800000| Complete 
| 127|0x0000000089900000, 0x0000000089900000, 0x0000000089a00000|  0%| F|  |TAMS 0x0000000089900000, 0x0000000089900000| Untracked 

Card table byte_map: [0x00000237c5320000,0x00000237c5720000] _byte_map_base: 0x00000237c4f13000

Marking Bits (Prev, Next): (CMBitMap*) 0x00000237ad86ad38, (CMBitMap*) 0x00000237ad86ad70
 Prev Bits: [0x00000237c5b20000, 0x00000237c7ab8000)
 Next Bits: [0x00000237c7ac0000, 0x00000237c9a58000)

Polling page: 0x00000237ab6a0000

Metaspace:

Usage:
  Non-class:      7.71 MB capacity,     7.66 MB (>99%) used,    33.36 KB ( <1%) free+waste,    12.06 KB ( <1%) overhead. 
      Class:    853.00 KB capacity,   800.31 KB ( 94%) used,    46.81 KB (  5%) free+waste,     5.88 KB ( <1%) overhead. 
       Both:      8.54 MB capacity,     8.44 MB ( 99%) used,    80.17 KB ( <1%) free+waste,    17.94 KB ( <1%) overhead. 

Virtual space:
  Non-class space:       18.00 MB reserved,       7.75 MB ( 43%) committed 
      Class space:        1.00 GB reserved,     896.00 KB ( <1%) committed 
             Both:        1.02 GB reserved,       8.63 MB ( <1%) committed 

Chunk freelists:
   Non-Class:  45.00 KB
       Class:  11.00 KB
        Both:  56.00 KB

MaxMetaspaceSize: 17179869184.00 GB
CompressedClassSpaceSize: 1.00 GB

CodeHeap 'non-profiled nmethods': size=120064Kb used=185Kb max_used=185Kb free=119878Kb
 bounds [0x00000237bd9e0000, 0x00000237bdc50000, 0x00000237c4f20000]
CodeHeap 'profiled nmethods': size=120000Kb used=1018Kb max_used=1018Kb free=118981Kb
 bounds [0x00000237b64b0000, 0x00000237b6720000, 0x00000237bd9e0000]
CodeHeap 'non-nmethods': size=5696Kb used=1074Kb max_used=1086Kb free=4621Kb
 bounds [0x00000237b5f20000, 0x00000237b6190000, 0x00000237b64b0000]
 total_blobs=1019 nmethods=646 adapters=285
 compilation: enabled
              stopped_count=0, restarted_count=0
 full_count=0

Compilation events (20 events):
Event: 0.430 Thread 0x00000237cc8f8800  633       3       jdk.internal.org.objectweb.asm.ByteVector::<init> (13 bytes)
Event: 0.431 Thread 0x00000237cc8f8800 nmethod 633 0x00000237b65a7d10 code [0x00000237b65a7ec0, 0x00000237b65a8118]
Event: 0.431 Thread 0x00000237cc8f8800  638       3       sun.invoke.util.Wrapper::forBasicType (16 bytes)
Event: 0.431 Thread 0x00000237cc8f8800 nmethod 638 0x00000237b65a8210 code [0x00000237b65a83e0, 0x00000237b65a8568]
Event: 0.431 Thread 0x00000237cc8f8800  636       3       jdk.internal.org.objectweb.asm.Type::getDescriptor (87 bytes)
Event: 0.431 Thread 0x00000237ccc01800 nmethod 630 0x00000237bda0d910 code [0x00000237bda0dac0, 0x00000237bda0dc08]
Event: 0.431 Thread 0x00000237ccc01800  632       4       java.lang.invoke.MemberName::getReferenceKind (12 bytes)
Event: 0.431 Thread 0x00000237ccc01800 nmethod 632 0x00000237bda0dd90 code [0x00000237bda0df20, 0x00000237bda0df98]
Event: 0.431 Thread 0x00000237cc8f8800 nmethod 636 0x00000237b65a8610 code [0x00000237b65a8840, 0x00000237b65a8d28]
Event: 0.431 Thread 0x00000237cc8f8800  637       3       jdk.internal.org.objectweb.asm.Type::getDescriptor (18 bytes)
Event: 0.431 Thread 0x00000237cc8f8800 nmethod 637 0x00000237b65a8f90 code [0x00000237b65a91c0, 0x00000237b65a97f8]
Event: 0.431 Thread 0x00000237cc8f8800  639       3       jdk.internal.org.objectweb.asm.ByteVector::putByteArray (49 bytes)
Event: 0.432 Thread 0x00000237cc8f8800 nmethod 639 0x00000237b65a9a10 code [0x00000237b65a9be0, 0x00000237b65a9e98]
Event: 0.432 Thread 0x00000237cc8f8800  643       3       java.lang.reflect.Modifier::isPrivate (12 bytes)
Event: 0.432 Thread 0x00000237cc8f8800 nmethod 643 0x00000237b65a9f90 code [0x00000237b65aa140, 0x00000237b65aa278]
Event: 0.432 Thread 0x00000237cc8f8800  644       3       java.lang.invoke.InvokerBytecodeGenerator::emitStoreResult (27 bytes)
Event: 0.432 Thread 0x00000237cc8f8800 nmethod 644 0x00000237b65aa310 code [0x00000237b65aa500, 0x00000237b65aa838]
Event: 0.432 Thread 0x00000237cc8f8800  645       3       java.lang.invoke.LambdaForm$NamedFunction::member (26 bytes)
Event: 0.432 Thread 0x00000237cc8f8800 nmethod 645 0x00000237b65aaa10 code [0x00000237b65aabc0, 0x00000237b65aacd8]
Event: 0.432 Thread 0x00000237cc8f8800  646       3       java.lang.invoke.InvokerBytecodeGenerator::isStaticallyInvocable (165 bytes)

GC Heap History (3 events):
Event: 0.420 GC heap before
{Heap before GC invocations=0 (full 0):
 garbage-first heap   total 131072K, used 13312K [0x0000000081a00000, 0x0000000100000000)
  region size 1024K, 14 young (14336K), 0 survivors (0K)
 Metaspace       used 8568K, capacity 8728K, committed 8832K, reserved 1058816K
  class space    used 791K, capacity 847K, committed 896K, reserved 1048576K
}
Event: 0.424 GC heap after
{Heap after GC invocations=1 (full 0):
 garbage-first heap   total 131072K, used 5715K [0x0000000081a00000, 0x0000000100000000)
  region size 1024K, 2 young (2048K), 2 survivors (2048K)
 Metaspace       used 8568K, capacity 8728K, committed 8832K, reserved 1058816K
  class space    used 791K, capacity 847K, committed 896K, reserved 1048576K
}
Event: 0.435 GC heap before
{Heap before GC invocations=1 (full 0):
 garbage-first heap   total 131072K, used 5715K [0x0000000081a00000, 0x0000000100000000)
  region size 1024K, 3 young (3072K), 2 survivors (2048K)
 Metaspace       used 8645K, capacity 8744K, committed 8832K, reserved 1064960K
  class space    used 800K, capacity 853K, committed 896K, reserved 1048576K
}

Deoptimization events (20 events):
Event: 0.305 Thread 0x00000237ad826800 Uncommon trap: trap_request=0xffffff4d fr.pc=0x00000237bd9efd84 relative=0x0000000000000d04
Event: 0.305 Thread 0x00000237ad826800 Uncommon trap: reason=unstable_if action=reinterpret pc=0x00000237bd9efd84 method=java.util.HashMap.putVal(ILjava/lang/Object;Ljava/lang/Object;ZZ)Ljava/lang/Object; @ 181 c2
Event: 0.305 Thread 0x00000237ad826800 DEOPT PACKING pc=0x00000237bd9efd84 sp=0x000000e19cdfb4b0
Event: 0.305 Thread 0x00000237ad826800 DEOPT UNPACKING pc=0x00000237b5f465af sp=0x000000e19cdfb450 mode 2
Event: 0.386 Thread 0x00000237ad826800 Uncommon trap: trap_request=0xffffffc6 fr.pc=0x00000237bd9ec794 relative=0x0000000000000074
Event: 0.386 Thread 0x00000237ad826800 Uncommon trap: reason=bimorphic_or_optimized_type_check action=maybe_recompile pc=0x00000237bd9ec794 method=java.util.AbstractCollection.isEmpty()Z @ 1 c2
Event: 0.386 Thread 0x00000237ad826800 DEOPT PACKING pc=0x00000237bd9ec794 sp=0x000000e19cdfac10
Event: 0.386 Thread 0x00000237ad826800 DEOPT UNPACKING pc=0x00000237b5f465af sp=0x000000e19cdfaba0 mode 2
Event: 0.386 Thread 0x00000237ad826800 Uncommon trap: trap_request=0xffffffc6 fr.pc=0x00000237bd9ec794 relative=0x0000000000000074
Event: 0.386 Thread 0x00000237ad826800 Uncommon trap: reason=bimorphic_or_optimized_type_check action=maybe_recompile pc=0x00000237bd9ec794 method=java.util.AbstractCollection.isEmpty()Z @ 1 c2
Event: 0.386 Thread 0x00000237ad826800 DEOPT PACKING pc=0x00000237bd9ec794 sp=0x000000e19cdfade0
Event: 0.386 Thread 0x00000237ad826800 DEOPT UNPACKING pc=0x00000237b5f465af sp=0x000000e19cdfad70 mode 2
Event: 0.386 Thread 0x00000237ad826800 Uncommon trap: trap_request=0xffffffc6 fr.pc=0x00000237bd9ec794 relative=0x0000000000000074
Event: 0.386 Thread 0x00000237ad826800 Uncommon trap: reason=bimorphic_or_optimized_type_check action=maybe_recompile pc=0x00000237bd9ec794 method=java.util.AbstractCollection.isEmpty()Z @ 1 c2
Event: 0.386 Thread 0x00000237ad826800 DEOPT PACKING pc=0x00000237bd9ec794 sp=0x000000e19cdfadd0
Event: 0.386 Thread 0x00000237ad826800 DEOPT UNPACKING pc=0x00000237b5f465af sp=0x000000e19cdfad60 mode 2
Event: 0.387 Thread 0x00000237ad826800 Uncommon trap: trap_request=0xffffffc6 fr.pc=0x00000237bd9ec794 relative=0x0000000000000074
Event: 0.387 Thread 0x00000237ad826800 Uncommon trap: reason=bimorphic_or_optimized_type_check action=maybe_recompile pc=0x00000237bd9ec794 method=java.util.AbstractCollection.isEmpty()Z @ 1 c2
Event: 0.387 Thread 0x00000237ad826800 DEOPT PACKING pc=0x00000237bd9ec794 sp=0x000000e19cdfac00
Event: 0.387 Thread 0x00000237ad826800 DEOPT UNPACKING pc=0x00000237b5f465af sp=0x000000e19cdfab90 mode 2

Classes redefined (0 events):
No events

Internal exceptions (7 events):
Event: 0.365 Thread 0x00000237ad826800 Exception <a 'java/lang/NoSuchMethodError'{0x0000000088ddd068}: 'java.lang.Object java.lang.invoke.DirectMethodHandle$Holder.invokeStaticInit(java.lang.Object, java.lang.Object, java.lang.Object)'> (0x0000000088ddd068) thrown at [./src/hotspot/share/interpreter/linkResolver.cpp, line 773]
Event: 0.369 Thread 0x00000237ad826800 Exception <a 'java/lang/NoSuchMethodError'{0x0000000088df7610}: 'int java.lang.invoke.DirectMethodHandle$Holder.invokeInterface(java.lang.Object, java.lang.Object)'> (0x0000000088df7610) thrown at [./src/hotspot/share/interpreter/linkResolver.cpp, line 773]
Event: 0.370 Thread 0x00000237ad826800 Exception <a 'java/lang/IncompatibleClassChangeError'{0x0000000088dfa388}: Found class java.lang.Object, but interface was expected> (0x0000000088dfa388) thrown at [./src/hotspot/share/interpreter/linkResolver.cpp, line 839]
Event: 0.418 Thread 0x00000237ad826800 Exception <a 'java/lang/NoSuchMethodError'{0x0000000088cead70}: 'java.lang.Object java.lang.invoke.DirectMethodHandle$Holder.invokeStatic(java.lang.Object, java.lang.Object, java.lang.Object, java.lang.Object, java.lang.Object, java.lang.Object, java.lang.Object, java.lang.Object, java.lang.Object, java.lang.Object, java.lang.Object, int)'> (0x0000000088cead70) thrown at [./src/hotspot/share/interpreter/linkResolver.cpp, line 773]
Event: 0.426 Thread 0x00000237ad826800 Exception <a 'java/lang/NoSuchMethodError'{0x0000000089909d20}: 'java.lang.Object java.lang.invoke.DirectMethodHandle$Holder.invokeStatic(java.lang.Object, java.lang.Object, java.lang.Object, java.lang.Object, java.lang.Object, java.lang.Object, java.lang.Object, java.lang.Object, java.lang.Object, java.lang.Object, java.lang.Object, int, int)'> (0x0000000089909d20) thrown at [./src/hotspot/share/interpreter/linkResolver.cpp, line 773]
Event: 0.428 Thread 0x00000237ad826800 Exception <a 'java/lang/NoSuchMethodError'{0x0000000089929088}: 'java.lang.Object java.lang.invoke.DirectMethodHandle$Holder.invokeStatic(java.lang.Object, java.lang.Object, java.lang.Object, java.lang.Object, java.lang.Object, java.lang.Object, java.lang.Object, java.lang.Object, java.lang.Object, java.lang.Object, java.lang.Object, int, int, java.lang.Object)'> (0x0000000089929088) thrown at [./src/hotspot/share/interpreter/linkResolver.cpp, line 773]
Event: 0.431 Thread 0x00000237ad826800 Exception <a 'java/lang/NoSuchMethodError'{0x000000008994a2b0}: 'java.lang.Object java.lang.invoke.DirectMethodHandle$Holder.invokeStatic(java.lang.Object, java.lang.Object, java.lang.Object, java.lang.Object, java.lang.Object, java.lang.Object, java.lang.Object, java.lang.Object, java.lang.Object, java.lang.Object, java.lang.Object, int, int, java.lang.Object, java.lang.Object)'> (0x000000008994a2b0) thrown at [./src/hotspot/share/interpreter/linkResolver.cpp, line 773]

Events (20 events):
Event: 0.416 loading class java/lang/invoke/BoundMethodHandle$Species_LLLLLLLLI done
Event: 0.416 loading class java/lang/invoke/ClassSpecializer$Factory$1Var
Event: 0.416 loading class java/lang/invoke/ClassSpecializer$Factory$1Var done
Event: 0.419 loading class java/lang/invoke/BoundMethodHandle$Species_LLLLLLLLII
Event: 0.419 loading class java/lang/invoke/BoundMethodHandle$Species_LLLLLLLLII done
Event: 0.420 Executing VM operation: G1CollectForAllocation
Event: 0.424 Executing VM operation: G1CollectForAllocation done
Event: 0.427 loading class java/lang/invoke/BoundMethodHandle$Species_LLLLLLLLIIL
Event: 0.427 loading class java/lang/invoke/BoundMethodHandle$Species_LLLLLLLLIIL done
Event: 0.429 loading class java/lang/invoke/BoundMethodHandle$Species_LLLLLLLLIILL
Event: 0.429 loading class java/lang/invoke/BoundMethodHandle$Species_LLLLLLLLIILL done
Event: 0.433 loading class com/sun/jmx/mbeanserver/DefaultMXBeanMappingFactory$CompositeMapping
Event: 0.433 loading class com/sun/jmx/mbeanserver/DefaultMXBeanMappingFactory$CompositeMapping done
Event: 0.434 loading class com/sun/jmx/mbeanserver/DefaultMXBeanMappingFactory$ArrayMapping
Event: 0.434 loading class com/sun/jmx/mbeanserver/DefaultMXBeanMappingFactory$ArrayMapping done
Event: 0.434 loading class java/lang/annotation/ElementType
Event: 0.434 loading class java/lang/annotation/ElementType done
Event: 0.434 loading class com/sun/jmx/mbeanserver/DefaultMXBeanMappingFactory$EnumMapping
Event: 0.434 loading class com/sun/jmx/mbeanserver/DefaultMXBeanMappingFactory$EnumMapping done
Event: 0.434 Executing VM operation: CollectForMetadataAllocation


Dynamic libraries:
0x00007ff774f70000 - 0x00007ff774f7d000 	C:\Users\Meu Computador\AppData\Local\Programs\AdoptOpenJDK\jdk-11.0.11.9-hotspot\bin\java.exe
0x00007fffb35d0000 - 0x00007fffb37c5000 	C:\WINDOWS\SYSTEM32\ntdll.dll
0x00007fffb1b70000 - 0x00007fffb1c2e000 	C:\WINDOWS\System32\KERNEL32.DLL
0x00007fffb1140000 - 0x00007fffb1409000 	C:\WINDOWS\System32\KERNELBASE.dll
0x00007fffb0d50000 - 0x00007fffb0e50000 	C:\WINDOWS\System32\ucrtbase.dll
0x00007fff9f640000 - 0x00007fff9f655000 	C:\Users\Meu Computador\AppData\Local\Programs\AdoptOpenJDK\jdk-11.0.11.9-hotspot\bin\VCRUNTIME140.dll
0x00007fffae600000 - 0x00007fffae617000 	C:\Users\Meu Computador\AppData\Local\Programs\AdoptOpenJDK\jdk-11.0.11.9-hotspot\bin\jli.dll
0x00007fffb23d0000 - 0x00007fffb2571000 	C:\WINDOWS\System32\USER32.dll
0x00007fffb1070000 - 0x00007fffb1092000 	C:\WINDOWS\System32\win32u.dll
0x00007fffa26b0000 - 0x00007fffa294a000 	C:\WINDOWS\WinSxS\amd64_microsoft.windows.common-controls_6595b64144ccf1df_6.0.19041.1110_none_60b5254171f9507e\COMCTL32.dll
0x00007fffb1c30000 - 0x00007fffb1c5b000 	C:\WINDOWS\System32\GDI32.dll
0x00007fffb22c0000 - 0x00007fffb235e000 	C:\WINDOWS\System32\msvcrt.dll
0x00007fffb1410000 - 0x00007fffb151b000 	C:\WINDOWS\System32\gdi32full.dll
0x00007fffb10a0000 - 0x00007fffb113d000 	C:\WINDOWS\System32\msvcp_win.dll
0x00007fffb18e0000 - 0x00007fffb1910000 	C:\WINDOWS\System32\IMM32.DLL
0x00007fff90360000 - 0x00007fff903fb000 	C:\Users\Meu Computador\AppData\Local\Programs\AdoptOpenJDK\jdk-11.0.11.9-hotspot\bin\msvcp140.dll
0x00007fff7cf60000 - 0x00007fff7daab000 	C:\Users\Meu Computador\AppData\Local\Programs\AdoptOpenJDK\jdk-11.0.11.9-hotspot\bin\server\jvm.dll
0x00007fffb17d0000 - 0x00007fffb187c000 	C:\WINDOWS\System32\ADVAPI32.dll
0x00007fffb1da0000 - 0x00007fffb1e3b000 	C:\WINDOWS\System32\sechost.dll
0x00007fffb1910000 - 0x00007fffb1a3a000 	C:\WINDOWS\System32\RPCRT4.dll
0x00007fffb2a00000 - 0x00007fffb2a08000 	C:\WINDOWS\System32\PSAPI.DLL
0x00007fffa3c80000 - 0x00007fffa3c89000 	C:\WINDOWS\SYSTEM32\WSOCK32.dll
0x00007fffa5c60000 - 0x00007fffa5c87000 	C:\WINDOWS\SYSTEM32\WINMM.dll
0x00007fffb2360000 - 0x00007fffb23cb000 	C:\WINDOWS\System32\WS2_32.dll
0x00007fffa6b60000 - 0x00007fffa6b6a000 	C:\WINDOWS\SYSTEM32\VERSION.dll
0x00007fffaec70000 - 0x00007fffaec82000 	C:\WINDOWS\SYSTEM32\kernel.appcore.dll
0x00007fffac820000 - 0x00007fffac830000 	C:\Users\Meu Computador\AppData\Local\Programs\AdoptOpenJDK\jdk-11.0.11.9-hotspot\bin\verify.dll
0x00007fffa5770000 - 0x00007fffa5954000 	C:\WINDOWS\SYSTEM32\DBGHELP.DLL
0x00007fffa5450000 - 0x00007fffa547c000 	C:\WINDOWS\SYSTEM32\dbgcore.DLL
0x00007fffb0f90000 - 0x00007fffb1013000 	C:\WINDOWS\System32\bcryptPrimitives.dll
0x00007fff99010000 - 0x00007fff99038000 	C:\Users\Meu Computador\AppData\Local\Programs\AdoptOpenJDK\jdk-11.0.11.9-hotspot\bin\java.dll
0x00007fffabfb0000 - 0x00007fffabfba000 	C:\Users\Meu Computador\AppData\Local\Programs\AdoptOpenJDK\jdk-11.0.11.9-hotspot\bin\jimage.dll
0x00007fff9bf10000 - 0x00007fff9bf27000 	C:\Users\Meu Computador\AppData\Local\Programs\AdoptOpenJDK\jdk-11.0.11.9-hotspot\bin\zip.dll
0x00007fffb2e50000 - 0x00007fffb358f000 	C:\WINDOWS\System32\SHELL32.dll
0x00007fffaee70000 - 0x00007fffaf600000 	C:\WINDOWS\SYSTEM32\windows.storage.dll
0x00007fffb2a90000 - 0x00007fffb2de5000 	C:\WINDOWS\System32\combase.dll
0x00007fffb06d0000 - 0x00007fffb06fc000 	C:\WINDOWS\SYSTEM32\Wldp.dll
0x00007fffb1e40000 - 0x00007fffb1eee000 	C:\WINDOWS\System32\SHCORE.dll
0x00007fffb1690000 - 0x00007fffb16e5000 	C:\WINDOWS\System32\shlwapi.dll
0x00007fffb0c90000 - 0x00007fffb0caf000 	C:\WINDOWS\SYSTEM32\profapi.dll
0x00007fff98ff0000 - 0x00007fff99009000 	C:\Users\Meu Computador\AppData\Local\Programs\AdoptOpenJDK\jdk-11.0.11.9-hotspot\bin\net.dll
0x00007fffabd20000 - 0x00007fffabe28000 	C:\WINDOWS\SYSTEM32\WINHTTP.dll
0x00007fffb0430000 - 0x00007fffb049a000 	C:\WINDOWS\system32\mswsock.dll
0x00007fff98fa0000 - 0x00007fff98fb2000 	C:\Users\Meu Computador\AppData\Local\Programs\AdoptOpenJDK\jdk-11.0.11.9-hotspot\bin\nio.dll
0x00007fff9fab0000 - 0x00007fff9fab9000 	C:\Users\Meu Computador\AppData\Local\Programs\AdoptOpenJDK\jdk-11.0.11.9-hotspot\bin\management.dll
0x00007fff98fe0000 - 0x00007fff98feb000 	C:\Users\Meu Computador\AppData\Local\Programs\AdoptOpenJDK\jdk-11.0.11.9-hotspot\bin\management_ext.dll

dbghelp: loaded successfully - version: 4.0.5 - missing functions: none
symbol engine: initialized successfully - sym options: 0x614 - pdb path: .;C:\Users\Meu Computador\AppData\Local\Programs\AdoptOpenJDK\jdk-11.0.11.9-hotspot\bin;C:\WINDOWS\SYSTEM32;C:\WINDOWS\WinSxS\amd64_microsoft.windows.common-controls_6595b64144ccf1df_6.0.19041.1110_none_60b5254171f9507e;C:\Users\Meu Computador\AppData\Local\Programs\AdoptOpenJDK\jdk-11.0.11.9-hotspot\bin\server

VM Arguments:
jvm_args: -Dcom.sun.management.jmxremote -Dcom.sun.management.jmxremote.port=63652 -Dcom.sun.management.jmxremote.authenticate=false -Dcom.sun.management.jmxremote.ssl=false -Djava.rmi.server.hostname=localhost -Dspring.application.admin.enabled=true -Dspring.jmx.enabled=true -Dfile.encoding=UTF-8 
java_command: com.tech4me.zuulserver.ZuulServerApplication
java_class_path (initial): C:\Users\Meu Computador\Desktop\BACK-END\NOVOS-PROJETOS\prova-final\zuul-server\target\classes;C:\Users\Meu Computador\.m2\repository\org\springframework\cloud\spring-cloud-starter-netflix-eureka-client\2.2.4.RELEASE\spring-cloud-starter-netflix-eureka-client-2.2.4.RELEASE.jar;C:\Users\Meu Computador\.m2\repository\org\springframework\cloud\spring-cloud-starter\2.2.5.RELEASE\spring-cloud-starter-2.2.5.RELEASE.jar;C:\Users\Meu Computador\.m2\repository\org\springframework\cloud\spring-cloud-context\2.2.5.RELEASE\spring-cloud-context-2.2.5.RELEASE.jar;C:\Users\Meu Computador\.m2\repository\org\springframework\security\spring-security-crypto\5.3.4.RELEASE\spring-security-crypto-5.3.4.RELEASE.jar;C:\Users\Meu Computador\.m2\repository\org\springframework\cloud\spring-cloud-commons\2.2.5.RELEASE\spring-cloud-commons-2.2.5.RELEASE.jar;C:\Users\Meu Computador\.m2\repository\org\springframework\security\spring-security-rsa\1.0.9.RELEASE\spring-security-rsa-1.0.9.RELEASE.jar;C:\Users\Meu Computador\.m2\repository\org\bouncycastle\bcpkix-jdk15on\1.64\bcpkix-jdk15on-1.64.jar;C:\Users\Meu Computador\.m2\repository\org\bouncycastle\bcprov-jdk15on\1.64\bcprov-jdk15on-1.64.jar;C:\Users\Meu Computador\.m2\repository\org\springframework\cloud\spring-cloud-netflix-hystrix\2.2.5.RELEASE\spring-cloud-netflix-hystrix-2.2.5.RELEASE.jar;C:\Users\Meu Computador\.m2\repository\org\springframework\boot\spring-boot-autoconfigure\2.3.3.RELEASE\spring-boot-autoconfigure-2.3.3.RELEASE.jar;C:\Users\Meu Computador\.m2\repository\org\springframework\boot\spring-boot-starter-aop\2.3.3.RELEASE\spring-boot-starter-aop-2.3.3.RELEASE.jar;C:\Users\Meu Computador\.m2\repository\org\springframework\spring-aop\5.2.8.RELEASE\spring-aop-5.2.8.RELEASE.jar;C:\Users\Meu Computador\.m2\repository\org\aspectj\aspectjweaver\1.9.6\aspectjweaver-1.9.6.jar;C:\Users\Meu Computador\.m2\repository\org\springframework\cloud\spring-cloud-netflix-eureka-client\2.2.5.RELEASE\spring-cloud-netflix-
Launcher Type: SUN_STANDARD

[Global flags]
     intx CICompilerCount                          = 3                                         {product} {ergonomic}
     uint ConcGCThreads                            = 1                                         {product} {ergonomic}
     uint G1ConcRefinementThreads                  = 4                                         {product} {ergonomic}
   size_t G1HeapRegionSize                         = 1048576                                   {product} {ergonomic}
    uintx GCDrainStackTargetSize                   = 64                                        {product} {ergonomic}
   size_t InitialHeapSize                          = 134217728                                 {product} {ergonomic}
     bool ManagementServer                         = true                                      {product} {command line}
   size_t MarkStackSize                            = 4194304                                   {product} {ergonomic}
   size_t MaxHeapSize                              = 2120220672                                {product} {ergonomic}
   size_t MaxNewSize                               = 1271922688                                {product} {ergonomic}
   size_t MinHeapDeltaBytes                        = 1048576                                   {product} {ergonomic}
    uintx NonNMethodCodeHeapSize                   = 5830732                                {pd product} {ergonomic}
    uintx NonProfiledCodeHeapSize                  = 122913754                              {pd product} {ergonomic}
    uintx ProfiledCodeHeapSize                     = 122913754                              {pd product} {ergonomic}
    uintx ReservedCodeCacheSize                    = 251658240                              {pd product} {ergonomic}
     bool SegmentedCodeCache                       = true                                      {product} {ergonomic}
     bool UseCompressedClassPointers               = true                                 {lp64_product} {ergonomic}
     bool UseCompressedOops                        = true                                 {lp64_product} {ergonomic}
     bool UseG1GC                                  = true                                      {product} {ergonomic}
     bool UseLargePagesIndividualAllocation        = false                                  {pd product} {ergonomic}

Logging:
Log output configuration:
 #0: stdout all=warning uptime,level,tags
 #1: stderr all=off uptime,level,tags

Environment Variables:
JAVA_HOME=C:\Users\Meu Computador\AppData\Local\Programs\AdoptOpenJDK\jdk-11.0.11.9-hotspot\
PATH=C:\Program Files (x86)\Common Files\Oracle\Java\javapath;C:\WINDOWS\system32;C:\WINDOWS;C:\WINDOWS\System32\Wbem;C:\WINDOWS\System32\WindowsPowerShell\v1.0\;C:\WINDOWS\System32\OpenSSH\;C:\Program Files (x86)\HP\Common\HPDestPlgIn\;C:\Program Files\Java\jdk1.8.0_291\bin;C:\Program Files\Git\cmd;C:\maven\bin;C:\Program Files\MongoDB\Server\5.0\bin;C:\Program Files\MongoDB\Tools\100\bin;C:\Users\Meu Computador\AppData\Local\Programs\AdoptOpenJDK\jdk-11.0.11.9-hotspot\bin;C:\Users\Meu Computador\AppData\Local\Microsoft\WindowsApps;C:\Program Files (x86)\HP\Common\HPDestPlgIn\;C:\Users\Meu Computador\AppData\Local\Programs\Microsoft VS Code\bin;C:\apache-maven-3.8.1\bin;C:\Users\Meu Computador\AppData\Local\Programs\mongosh\;C:\Users\Meu Computador\AppData\Local\GitHubDesktop\bin
USERNAME=Meu Computador
OS=Windows_NT
PROCESSOR_IDENTIFIER=Intel64 Family 6 Model 58 Stepping 9, GenuineIntel



---------------  S Y S T E M  ---------------

OS: Windows 10 , 64 bit Build 19041 (10.0.19041.1202)
OS uptime: 0 days 1:27 hours

CPU:total 4 (initial active 4) (4 cores per cpu, 1 threads per core) family 6 model 58 stepping 9 microcode 0x21, cmov, cx8, fxsr, mmx, sse, sse2, sse3, ssse3, sse4.1, sse4.2, popcnt, avx, aes, clmul, erms, tsc, tscinvbit, tscinv

Memory: 4k page, system-wide physical 8085M (1301M free)
TotalPageFile size 8085M (AvailPageFile size 3M)
current process WorkingSet (physical memory assigned to process): 62M, peak: 62M
current process commit charge ("private bytes"): 208M, peak: 209M

vm_info: OpenJDK 64-Bit Server VM (11.0.11+9) for windows-amd64 JRE (11.0.11+9), built on Apr 20 2021 21:22:09 by "" with MS VC++ 15.9 (VS2017)

END.
